TpTrace Verbose: 0 : 37404, 1, 2023/07/12, 15:37:28.430, 18248977504106, vstest.console.dll, Version: 17.2.1-release-20230405-01 Current process architecture: X64
TpTrace Information: 0 : 37404, 1, 2023/07/12, 15:37:28.441, 18248977616450, vstest.console.dll, FilePatternParser: The given file C:\Users\poojasahdev\source\repos\Employee.Web.Api\Company.Test\bin\Debug\net6.0\fine-code-coverage\build-output\Company.Test.dll is a full path.
TpTrace Verbose: 0 : 37404, 1, 2023/07/12, 15:37:28.450, 18248977703455, vstest.console.dll, TestPluginCache.DiscoverTestExtensions: finding test extensions in assemblies ends with: RuntimeProvider.dll TPluginInfo: Microsoft.VisualStudio.TestPlatform.Common.ExtensionFramework.Utilities.TestRuntimePluginInformation TExtension: Microsoft.VisualStudio.TestPlatform.ObjectModel.Host.ITestRuntimeProvider
TpTrace Verbose: 0 : 37404, 1, 2023/07/12, 15:37:28.451, 18248977720627, vstest.console.dll, TestPluginCache.GetExtensionPaths: Filtered extension paths: 
TpTrace Verbose: 0 : 37404, 1, 2023/07/12, 15:37:28.451, 18248977722049, vstest.console.dll, TestPluginCache.GetExtensionPaths: Added default extension paths: C:\Program Files\dotnet\sdk\6.0.313\Extensions\DumpMinitool.exe
C:\Program Files\dotnet\sdk\6.0.313\Extensions\DumpMinitool.x86.exe
C:\Program Files\dotnet\sdk\6.0.313\Extensions\Microsoft.Diagnostics.NETCore.Client.dll
C:\Program Files\dotnet\sdk\6.0.313\Extensions\Microsoft.TestPlatform.Extensions.BlameDataCollector.dll
C:\Program Files\dotnet\sdk\6.0.313\Extensions\Microsoft.TestPlatform.Extensions.EventLogCollector.dll
C:\Program Files\dotnet\sdk\6.0.313\Extensions\Microsoft.TestPlatform.TestHostRuntimeProvider.dll
C:\Program Files\dotnet\sdk\6.0.313\Extensions\Microsoft.VisualStudio.TestPlatform.Extensions.Html.TestLogger.dll
C:\Program Files\dotnet\sdk\6.0.313\Extensions\Microsoft.VisualStudio.TestPlatform.Extensions.Trx.TestLogger.dll
TpTrace Verbose: 0 : 37404, 1, 2023/07/12, 15:37:28.452, 18248977722619, vstest.console.dll, TestPluginCache.GetExtensionPaths: Added unfilterableExtensionPaths: 
TpTrace Information: 0 : 37404, 1, 2023/07/12, 15:37:28.452, 18248977731886, vstest.console.dll, AssemblyResolver.ctor: Creating AssemblyResolver with searchDirectories C:\Program Files\dotnet\sdk\6.0.313\Extensions,C:\Program Files\dotnet\sdk\6.0.313
TpTrace Verbose: 0 : 37404, 1, 2023/07/12, 15:37:28.454, 18248977744600, vstest.console.dll, TestPluginCache.DiscoverTestExtensions: Discovering the extensions using extension path.
TpTrace Verbose: 0 : 37404, 1, 2023/07/12, 15:37:28.454, 18248977746296, vstest.console.dll, TestPluginCache.GetExtensionPaths: Filtered extension paths: 
TpTrace Verbose: 0 : 37404, 1, 2023/07/12, 15:37:28.454, 18248977746966, vstest.console.dll, TestPluginCache.GetExtensionPaths: Added default extension paths: C:\Program Files\dotnet\sdk\6.0.313\Extensions\DumpMinitool.exe
C:\Program Files\dotnet\sdk\6.0.313\Extensions\DumpMinitool.x86.exe
C:\Program Files\dotnet\sdk\6.0.313\Extensions\Microsoft.Diagnostics.NETCore.Client.dll
C:\Program Files\dotnet\sdk\6.0.313\Extensions\Microsoft.TestPlatform.Extensions.BlameDataCollector.dll
C:\Program Files\dotnet\sdk\6.0.313\Extensions\Microsoft.TestPlatform.Extensions.EventLogCollector.dll
C:\Program Files\dotnet\sdk\6.0.313\Extensions\Microsoft.TestPlatform.TestHostRuntimeProvider.dll
C:\Program Files\dotnet\sdk\6.0.313\Extensions\Microsoft.VisualStudio.TestPlatform.Extensions.Html.TestLogger.dll
C:\Program Files\dotnet\sdk\6.0.313\Extensions\Microsoft.VisualStudio.TestPlatform.Extensions.Trx.TestLogger.dll
TpTrace Verbose: 0 : 37404, 1, 2023/07/12, 15:37:28.454, 18248977747412, vstest.console.dll, TestPluginCache.GetExtensionPaths: Added unfilterableExtensionPaths: 
TpTrace Verbose: 0 : 37404, 1, 2023/07/12, 15:37:28.454, 18248977748382, vstest.console.dll, TestPluginCache.DiscoverTestExtensions: Discovering the extensions using allExtensionPaths: C:\Program Files\dotnet\sdk\6.0.313\Extensions\DumpMinitool.exe
C:\Program Files\dotnet\sdk\6.0.313\Extensions\DumpMinitool.x86.exe
C:\Program Files\dotnet\sdk\6.0.313\Extensions\Microsoft.Diagnostics.NETCore.Client.dll
C:\Program Files\dotnet\sdk\6.0.313\Extensions\Microsoft.TestPlatform.Extensions.BlameDataCollector.dll
C:\Program Files\dotnet\sdk\6.0.313\Extensions\Microsoft.TestPlatform.Extensions.EventLogCollector.dll
C:\Program Files\dotnet\sdk\6.0.313\Extensions\Microsoft.TestPlatform.TestHostRuntimeProvider.dll
C:\Program Files\dotnet\sdk\6.0.313\Extensions\Microsoft.VisualStudio.TestPlatform.Extensions.Html.TestLogger.dll
C:\Program Files\dotnet\sdk\6.0.313\Extensions\Microsoft.VisualStudio.TestPlatform.Extensions.Trx.TestLogger.dll
TpTrace Information: 0 : 37404, 1, 2023/07/12, 15:37:28.454, 18248977750605, vstest.console.dll, AssemblyResolver.AddSearchDirectories: Adding more searchDirectories C:\Program Files\dotnet\sdk\6.0.313\Extensions,C:\Program Files\dotnet\sdk\6.0.313
TpTrace Information: 0 : 37404, 1, 2023/07/12, 15:37:28.454, 18248977751369, vstest.console.dll, AssemblyResolver.AddSearchDirectories: Adding more searchDirectories C:\Program Files\dotnet\sdk\6.0.313\Extensions,C:\Program Files\dotnet\sdk\6.0.313
TpTrace Information: 0 : 37404, 1, 2023/07/12, 15:37:28.454, 18248977751836, vstest.console.dll, AssemblyResolver.AddSearchDirectories: Adding more searchDirectories C:\Program Files\dotnet\sdk\6.0.313\Extensions,C:\Program Files\dotnet\sdk\6.0.313
TpTrace Information: 0 : 37404, 1, 2023/07/12, 15:37:28.454, 18248977752287, vstest.console.dll, AssemblyResolver.AddSearchDirectories: Adding more searchDirectories C:\Program Files\dotnet\sdk\6.0.313\Extensions,C:\Program Files\dotnet\sdk\6.0.313
TpTrace Information: 0 : 37404, 1, 2023/07/12, 15:37:28.455, 18248977752701, vstest.console.dll, AssemblyResolver.AddSearchDirectories: Adding more searchDirectories C:\Program Files\dotnet\sdk\6.0.313\Extensions,C:\Program Files\dotnet\sdk\6.0.313
TpTrace Information: 0 : 37404, 1, 2023/07/12, 15:37:28.455, 18248977753099, vstest.console.dll, AssemblyResolver.AddSearchDirectories: Adding more searchDirectories C:\Program Files\dotnet\sdk\6.0.313\Extensions,C:\Program Files\dotnet\sdk\6.0.313
TpTrace Information: 0 : 37404, 1, 2023/07/12, 15:37:28.455, 18248977753614, vstest.console.dll, AssemblyResolver.AddSearchDirectories: Adding more searchDirectories C:\Program Files\dotnet\sdk\6.0.313\Extensions,C:\Program Files\dotnet\sdk\6.0.313
TpTrace Information: 0 : 37404, 1, 2023/07/12, 15:37:28.455, 18248977754014, vstest.console.dll, AssemblyResolver.AddSearchDirectories: Adding more searchDirectories C:\Program Files\dotnet\sdk\6.0.313\Extensions,C:\Program Files\dotnet\sdk\6.0.313
TpTrace Information: 0 : 37404, 1, 2023/07/12, 15:37:28.455, 18248977758773, vstest.console.dll, AssemblyResolver.OnResolve: DumpMinitool: Resolving assembly.
TpTrace Information: 0 : 37404, 1, 2023/07/12, 15:37:28.455, 18248977759750, vstest.console.dll, AssemblyResolver.OnResolve: DumpMinitool: Searching in: 'C:\Program Files\dotnet\sdk\6.0.313\Extensions'.
TpTrace Information: 0 : 37404, 1, 2023/07/12, 15:37:28.455, 18248977761034, vstest.console.dll, AssemblyResolver.OnResolve: DumpMinitool: Assembly path does not exist: 'C:\Program Files\dotnet\sdk\6.0.313\Extensions\DumpMinitool.dll', returning.
TpTrace Information: 0 : 37404, 1, 2023/07/12, 15:37:28.456, 18248977765568, vstest.console.dll, AssemblyResolver.OnResolve: DumpMinitool: Loading assembly 'C:\Program Files\dotnet\sdk\6.0.313\Extensions\DumpMinitool.exe'.
TpTrace Information: 0 : 37404, 1, 2023/07/12, 15:37:28.456, 18248977772219, vstest.console.dll, AssemblyResolver.OnResolve: Resolved assembly: DumpMinitool, from path: C:\Program Files\dotnet\sdk\6.0.313\Extensions\DumpMinitool.exe
TpTrace Verbose: 0 : 37404, 1, 2023/07/12, 15:37:28.464, 18248977843575, vstest.console.dll, MetadataReaderExtensionsHelper: Discovering extensions inside assembly 'DumpMinitool, Version=15.0.0.0, Culture=neutral, PublicKeyToken=b03f5f7f11d50a3a' file path 'C:\Program Files\dotnet\sdk\6.0.313\Extensions\DumpMinitool.exe'
TpTrace Information: 0 : 37404, 1, 2023/07/12, 15:37:28.473, 18248977934923, vstest.console.dll, AssemblyResolver.OnResolve: DumpMinitool.x86: Resolving assembly.
TpTrace Information: 0 : 37404, 1, 2023/07/12, 15:37:28.473, 18248977936759, vstest.console.dll, AssemblyResolver.OnResolve: DumpMinitool.x86: Searching in: 'C:\Program Files\dotnet\sdk\6.0.313\Extensions'.
TpTrace Information: 0 : 37404, 1, 2023/07/12, 15:37:28.473, 18248977938004, vstest.console.dll, AssemblyResolver.OnResolve: DumpMinitool.x86: Assembly path does not exist: 'C:\Program Files\dotnet\sdk\6.0.313\Extensions\DumpMinitool.x86.dll', returning.
TpTrace Information: 0 : 37404, 1, 2023/07/12, 15:37:28.473, 18248977941288, vstest.console.dll, AssemblyResolver.OnResolve: DumpMinitool.x86: Loading assembly 'C:\Program Files\dotnet\sdk\6.0.313\Extensions\DumpMinitool.x86.exe'.
TpTrace Information: 0 : 37404, 1, 2023/07/12, 15:37:28.474, 18248977947063, vstest.console.dll, AssemblyResolver.OnResolve: Resolved assembly: DumpMinitool.x86, from path: C:\Program Files\dotnet\sdk\6.0.313\Extensions\DumpMinitool.x86.exe
TpTrace Verbose: 0 : 37404, 1, 2023/07/12, 15:37:28.474, 18248977948349, vstest.console.dll, MetadataReaderExtensionsHelper: Discovering extensions inside assembly 'DumpMinitool.x86, Version=15.0.0.0, Culture=neutral, PublicKeyToken=b03f5f7f11d50a3a' file path 'C:\Program Files\dotnet\sdk\6.0.313\Extensions\DumpMinitool.x86.exe'
TpTrace Information: 0 : 37404, 1, 2023/07/12, 15:37:28.475, 18248977957446, vstest.console.dll, AssemblyResolver.OnResolve: Microsoft.Diagnostics.NETCore.Client: Resolving assembly.
TpTrace Information: 0 : 37404, 1, 2023/07/12, 15:37:28.475, 18248977958551, vstest.console.dll, AssemblyResolver.OnResolve: Microsoft.Diagnostics.NETCore.Client: Searching in: 'C:\Program Files\dotnet\sdk\6.0.313\Extensions'.
TpTrace Information: 0 : 37404, 1, 2023/07/12, 15:37:28.475, 18248977962298, vstest.console.dll, AssemblyResolver.OnResolve: Microsoft.Diagnostics.NETCore.Client: Loading assembly 'C:\Program Files\dotnet\sdk\6.0.313\Extensions\Microsoft.Diagnostics.NETCore.Client.dll'.
TpTrace Information: 0 : 37404, 1, 2023/07/12, 15:37:28.476, 18248977969735, vstest.console.dll, AssemblyResolver.OnResolve: Resolved assembly: Microsoft.Diagnostics.NETCore.Client, from path: C:\Program Files\dotnet\sdk\6.0.313\Extensions\Microsoft.Diagnostics.NETCore.Client.dll
TpTrace Verbose: 0 : 37404, 1, 2023/07/12, 15:37:28.476, 18248977970741, vstest.console.dll, MetadataReaderExtensionsHelper: Discovering extensions inside assembly 'Microsoft.Diagnostics.NETCore.Client, Version=0.2.5.801, Culture=neutral, PublicKeyToken=31bf3856ad364e35' file path 'C:\Program Files\dotnet\sdk\6.0.313\Extensions\Microsoft.Diagnostics.NETCore.Client.dll'
TpTrace Information: 0 : 37404, 1, 2023/07/12, 15:37:28.485, 18248978057880, vstest.console.dll, AssemblyResolver.OnResolve: Microsoft.Bcl.AsyncInterfaces: Resolving assembly.
TpTrace Information: 0 : 37404, 1, 2023/07/12, 15:37:28.485, 18248978059097, vstest.console.dll, AssemblyResolver.OnResolve: Microsoft.Bcl.AsyncInterfaces: Searching in: 'C:\Program Files\dotnet\sdk\6.0.313\Extensions'.
TpTrace Information: 0 : 37404, 1, 2023/07/12, 15:37:28.485, 18248978060108, vstest.console.dll, AssemblyResolver.OnResolve: Microsoft.Bcl.AsyncInterfaces: Assembly path does not exist: 'C:\Program Files\dotnet\sdk\6.0.313\Extensions\Microsoft.Bcl.AsyncInterfaces.dll', returning.
TpTrace Information: 0 : 37404, 1, 2023/07/12, 15:37:28.485, 18248978061186, vstest.console.dll, AssemblyResolver.OnResolve: Microsoft.Bcl.AsyncInterfaces: Assembly path does not exist: 'C:\Program Files\dotnet\sdk\6.0.313\Extensions\Microsoft.Bcl.AsyncInterfaces.exe', returning.
TpTrace Information: 0 : 37404, 1, 2023/07/12, 15:37:28.485, 18248978061677, vstest.console.dll, AssemblyResolver.OnResolve: Microsoft.Bcl.AsyncInterfaces: Searching in: 'C:\Program Files\dotnet\sdk\6.0.313'.
TpTrace Information: 0 : 37404, 1, 2023/07/12, 15:37:28.485, 18248978062422, vstest.console.dll, AssemblyResolver.OnResolve: Microsoft.Bcl.AsyncInterfaces: Assembly path does not exist: 'C:\Program Files\dotnet\sdk\6.0.313\Microsoft.Bcl.AsyncInterfaces.dll', returning.
TpTrace Information: 0 : 37404, 1, 2023/07/12, 15:37:28.486, 18248978063206, vstest.console.dll, AssemblyResolver.OnResolve: Microsoft.Bcl.AsyncInterfaces: Assembly path does not exist: 'C:\Program Files\dotnet\sdk\6.0.313\Microsoft.Bcl.AsyncInterfaces.exe', returning.
TpTrace Information: 0 : 37404, 1, 2023/07/12, 15:37:28.486, 18248978063646, vstest.console.dll, AssemblyResolver.OnResolve: Microsoft.Bcl.AsyncInterfaces: Failed to load assembly.
TpTrace Verbose: 0 : 37404, 1, 2023/07/12, 15:37:28.486, 18248978064301, vstest.console.dll, CurrentDomainAssemblyResolve: Resolving assembly 'Microsoft.Bcl.AsyncInterfaces'.
TpTrace Information: 0 : 37404, 1, 2023/07/12, 15:37:28.486, 18248978065104, vstest.console.dll, AssemblyResolver.OnResolve: Microsoft.Bcl.AsyncInterfaces: Resolving assembly.
TpTrace Information: 0 : 37404, 1, 2023/07/12, 15:37:28.486, 18248978065684, vstest.console.dll, AssemblyResolver.OnResolve: Microsoft.Bcl.AsyncInterfaces: Resolved from cache.
TpTrace Verbose: 0 : 37404, 1, 2023/07/12, 15:37:28.486, 18248978066424, vstest.console.dll, CurrentDomainAssemblyResolve: Resolving assembly 'Microsoft.Bcl.AsyncInterfaces'.
TpTrace Verbose: 0 : 37404, 1, 2023/07/12, 15:37:28.486, 18248978066945, vstest.console.dll, CurrentDomainAssemblyResolve: Failed to resolve assembly 'Microsoft.Bcl.AsyncInterfaces'.
TpTrace Verbose: 0 : 37404, 1, 2023/07/12, 15:37:28.486, 18248978072178, vstest.console.dll, CurrentDomainAssemblyResolve: Failed to resolve assembly 'Microsoft.Bcl.AsyncInterfaces'.
TpTrace Warning: 0 : 37404, 1, 2023/07/12, 15:37:28.501, 18248978213938, vstest.console.dll, TestPluginDiscoverer: Failed to get types from assembly 'Microsoft.Diagnostics.NETCore.Client, Version=0.2.5.801, Culture=neutral, PublicKeyToken=31bf3856ad364e35'. Error: System.Reflection.ReflectionTypeLoadException: Unable to load one or more of the requested types.
Could not load file or assembly 'Microsoft.Bcl.AsyncInterfaces, Version=1.0.0.0, Culture=neutral, PublicKeyToken=cc7b13ffcd2ddd51'. The system cannot find the file specified.
   at System.Reflection.RuntimeModule.GetTypes(RuntimeModule module)
   at System.Reflection.Assembly.GetTypes()
   at Microsoft.VisualStudio.TestPlatform.Common.ExtensionFramework.TestPluginDiscoverer.GetTestExtensionsFromAssembly[TPluginInfo,TExtension](Assembly assembly, Dictionary`2 pluginInfos, String filePath)
System.IO.FileNotFoundException: Could not load file or assembly 'Microsoft.Bcl.AsyncInterfaces, Version=1.0.0.0, Culture=neutral, PublicKeyToken=cc7b13ffcd2ddd51'. The system cannot find the file specified.
File name: 'Microsoft.Bcl.AsyncInterfaces, Version=1.0.0.0, Culture=neutral, PublicKeyToken=cc7b13ffcd2ddd51'
 ---> System.IO.FileNotFoundException: Could not load file or assembly 'Microsoft.Bcl.AsyncInterfaces, Culture=neutral, PublicKeyToken=null'. The system cannot find the file specified.
File name: 'Microsoft.Bcl.AsyncInterfaces, Culture=neutral, PublicKeyToken=null'
   at System.Reflection.RuntimeAssembly.InternalLoad(ObjectHandleOnStack assemblyName, ObjectHandleOnStack requestingAssembly, StackCrawlMarkHandle stackMark, Boolean throwOnFileNotFound, ObjectHandleOnStack assemblyLoadContext, ObjectHandleOnStack retAssembly)
   at System.Reflection.RuntimeAssembly.InternalLoad(AssemblyName assemblyName, RuntimeAssembly requestingAssembly, StackCrawlMark& stackMark, Boolean throwOnFileNotFound, AssemblyLoadContext assemblyLoadContext)
   at System.Reflection.Assembly.Load(AssemblyName assemblyRef)
   at Microsoft.VisualStudio.TestPlatform.Common.ExtensionFramework.TestPluginCache.CurrentDomainAssemblyResolve(Object sender, AssemblyResolveEventArgs args)
   at Microsoft.VisualStudio.TestPlatform.PlatformAbstractions.PlatformAssemblyResolver.AssemblyResolverEvent(Object sender, Object eventArgs)
   at System.Runtime.Loader.AssemblyLoadContext.GetFirstResolvedAssemblyFromResolvingEvent(AssemblyName assemblyName)
   at System.Runtime.Loader.AssemblyLoadContext.ResolveUsingEvent(AssemblyName assemblyName)
   at System.Runtime.Loader.AssemblyLoadContext.ResolveUsingResolvingEvent(IntPtr gchManagedAssemblyLoadContext, AssemblyName assemblyName)
TpTrace Warning: 0 : 37404, 1, 2023/07/12, 15:37:28.501, 18248978218199, vstest.console.dll, LoaderExceptions: System.IO.FileNotFoundException: Could not load file or assembly 'Microsoft.Bcl.AsyncInterfaces, Version=1.0.0.0, Culture=neutral, PublicKeyToken=cc7b13ffcd2ddd51'. The system cannot find the file specified.
File name: 'Microsoft.Bcl.AsyncInterfaces, Version=1.0.0.0, Culture=neutral, PublicKeyToken=cc7b13ffcd2ddd51'
 ---> System.IO.FileNotFoundException: Could not load file or assembly 'Microsoft.Bcl.AsyncInterfaces, Culture=neutral, PublicKeyToken=null'. The system cannot find the file specified.
File name: 'Microsoft.Bcl.AsyncInterfaces, Culture=neutral, PublicKeyToken=null'
   at System.Reflection.RuntimeAssembly.InternalLoad(ObjectHandleOnStack assemblyName, ObjectHandleOnStack requestingAssembly, StackCrawlMarkHandle stackMark, Boolean throwOnFileNotFound, ObjectHandleOnStack assemblyLoadContext, ObjectHandleOnStack retAssembly)
   at System.Reflection.RuntimeAssembly.InternalLoad(AssemblyName assemblyName, RuntimeAssembly requestingAssembly, StackCrawlMark& stackMark, Boolean throwOnFileNotFound, AssemblyLoadContext assemblyLoadContext)
   at System.Reflection.Assembly.Load(AssemblyName assemblyRef)
   at Microsoft.VisualStudio.TestPlatform.Common.ExtensionFramework.TestPluginCache.CurrentDomainAssemblyResolve(Object sender, AssemblyResolveEventArgs args)
   at Microsoft.VisualStudio.TestPlatform.PlatformAbstractions.PlatformAssemblyResolver.AssemblyResolverEvent(Object sender, Object eventArgs)
   at System.Runtime.Loader.AssemblyLoadContext.GetFirstResolvedAssemblyFromResolvingEvent(AssemblyName assemblyName)
   at System.Runtime.Loader.AssemblyLoadContext.ResolveUsingEvent(AssemblyName assemblyName)
   at System.Runtime.Loader.AssemblyLoadContext.ResolveUsingResolvingEvent(IntPtr gchManagedAssemblyLoadContext, AssemblyName assemblyName)
TpTrace Information: 0 : 37404, 1, 2023/07/12, 15:37:28.501, 18248978219839, vstest.console.dll, AssemblyResolver.OnResolve: Microsoft.TestPlatform.Extensions.BlameDataCollector: Resolving assembly.
TpTrace Information: 0 : 37404, 1, 2023/07/12, 15:37:28.501, 18248978220416, vstest.console.dll, AssemblyResolver.OnResolve: Microsoft.TestPlatform.Extensions.BlameDataCollector: Searching in: 'C:\Program Files\dotnet\sdk\6.0.313\Extensions'.
TpTrace Information: 0 : 37404, 1, 2023/07/12, 15:37:28.502, 18248978223825, vstest.console.dll, AssemblyResolver.OnResolve: Microsoft.TestPlatform.Extensions.BlameDataCollector: Loading assembly 'C:\Program Files\dotnet\sdk\6.0.313\Extensions\Microsoft.TestPlatform.Extensions.BlameDataCollector.dll'.
TpTrace Information: 0 : 37404, 1, 2023/07/12, 15:37:28.502, 18248978230147, vstest.console.dll, AssemblyResolver.OnResolve: Resolved assembly: Microsoft.TestPlatform.Extensions.BlameDataCollector, from path: C:\Program Files\dotnet\sdk\6.0.313\Extensions\Microsoft.TestPlatform.Extensions.BlameDataCollector.dll
TpTrace Verbose: 0 : 37404, 1, 2023/07/12, 15:37:28.502, 18248978231091, vstest.console.dll, MetadataReaderExtensionsHelper: Discovering extensions inside assembly 'Microsoft.TestPlatform.Extensions.BlameDataCollector, Version=15.0.0.0, Culture=neutral, PublicKeyToken=b03f5f7f11d50a3a' file path 'C:\Program Files\dotnet\sdk\6.0.313\Extensions\Microsoft.TestPlatform.Extensions.BlameDataCollector.dll'
TpTrace Information: 0 : 37404, 1, 2023/07/12, 15:37:28.504, 18248978246454, vstest.console.dll, AssemblyResolver.OnResolve: Microsoft.TestPlatform.Extensions.EventLogCollector: Resolving assembly.
TpTrace Information: 0 : 37404, 1, 2023/07/12, 15:37:28.504, 18248978247422, vstest.console.dll, AssemblyResolver.OnResolve: Microsoft.TestPlatform.Extensions.EventLogCollector: Searching in: 'C:\Program Files\dotnet\sdk\6.0.313\Extensions'.
TpTrace Information: 0 : 37404, 1, 2023/07/12, 15:37:28.504, 18248978250664, vstest.console.dll, AssemblyResolver.OnResolve: Microsoft.TestPlatform.Extensions.EventLogCollector: Loading assembly 'C:\Program Files\dotnet\sdk\6.0.313\Extensions\Microsoft.TestPlatform.Extensions.EventLogCollector.dll'.
TpTrace Information: 0 : 37404, 1, 2023/07/12, 15:37:28.505, 18248978256323, vstest.console.dll, AssemblyResolver.OnResolve: Resolved assembly: Microsoft.TestPlatform.Extensions.EventLogCollector, from path: C:\Program Files\dotnet\sdk\6.0.313\Extensions\Microsoft.TestPlatform.Extensions.EventLogCollector.dll
TpTrace Verbose: 0 : 37404, 1, 2023/07/12, 15:37:28.505, 18248978257697, vstest.console.dll, MetadataReaderExtensionsHelper: Discovering extensions inside assembly 'Microsoft.TestPlatform.Extensions.EventLogCollector, Version=15.0.0.0, Culture=neutral, PublicKeyToken=b03f5f7f11d50a3a' file path 'C:\Program Files\dotnet\sdk\6.0.313\Extensions\Microsoft.TestPlatform.Extensions.EventLogCollector.dll'
TpTrace Information: 0 : 37404, 1, 2023/07/12, 15:37:28.507, 18248978276252, vstest.console.dll, AssemblyResolver.OnResolve: Microsoft.TestPlatform.TestHostRuntimeProvider: Resolving assembly.
TpTrace Information: 0 : 37404, 1, 2023/07/12, 15:37:28.507, 18248978277349, vstest.console.dll, AssemblyResolver.OnResolve: Microsoft.TestPlatform.TestHostRuntimeProvider: Searching in: 'C:\Program Files\dotnet\sdk\6.0.313\Extensions'.
TpTrace Information: 0 : 37404, 1, 2023/07/12, 15:37:28.507, 18248978280563, vstest.console.dll, AssemblyResolver.OnResolve: Microsoft.TestPlatform.TestHostRuntimeProvider: Loading assembly 'C:\Program Files\dotnet\sdk\6.0.313\Extensions\Microsoft.TestPlatform.TestHostRuntimeProvider.dll'.
TpTrace Information: 0 : 37404, 1, 2023/07/12, 15:37:28.508, 18248978287000, vstest.console.dll, AssemblyResolver.OnResolve: Resolved assembly: Microsoft.TestPlatform.TestHostRuntimeProvider, from path: C:\Program Files\dotnet\sdk\6.0.313\Extensions\Microsoft.TestPlatform.TestHostRuntimeProvider.dll
TpTrace Verbose: 0 : 37404, 1, 2023/07/12, 15:37:28.508, 18248978288156, vstest.console.dll, MetadataReaderExtensionsHelper: Discovering extensions inside assembly 'Microsoft.TestPlatform.TestHostRuntimeProvider, Version=15.0.0.0, Culture=neutral, PublicKeyToken=b03f5f7f11d50a3a' file path 'C:\Program Files\dotnet\sdk\6.0.313\Extensions\Microsoft.TestPlatform.TestHostRuntimeProvider.dll'
TpTrace Information: 0 : 37404, 1, 2023/07/12, 15:37:28.511, 18248978314272, vstest.console.dll, GetTestExtensionFromType: Register extension with identifier data 'HostProvider://DefaultTestHost' and type 'Microsoft.VisualStudio.TestPlatform.CrossPlatEngine.Hosting.DefaultTestHostManager, Microsoft.TestPlatform.TestHostRuntimeProvider, Version=15.0.0.0, Culture=neutral, PublicKeyToken=b03f5f7f11d50a3a' inside file 'C:\Program Files\dotnet\sdk\6.0.313\Extensions\Microsoft.TestPlatform.TestHostRuntimeProvider.dll'
TpTrace Information: 0 : 37404, 1, 2023/07/12, 15:37:28.511, 18248978315806, vstest.console.dll, GetTestExtensionFromType: Register extension with identifier data 'HostProvider://DotnetTestHost' and type 'Microsoft.VisualStudio.TestPlatform.CrossPlatEngine.Hosting.DotnetTestHostManager, Microsoft.TestPlatform.TestHostRuntimeProvider, Version=15.0.0.0, Culture=neutral, PublicKeyToken=b03f5f7f11d50a3a' inside file 'C:\Program Files\dotnet\sdk\6.0.313\Extensions\Microsoft.TestPlatform.TestHostRuntimeProvider.dll'
TpTrace Information: 0 : 37404, 1, 2023/07/12, 15:37:28.511, 18248978317011, vstest.console.dll, AssemblyResolver.OnResolve: Microsoft.VisualStudio.TestPlatform.Extensions.Html.TestLogger: Resolving assembly.
TpTrace Information: 0 : 37404, 1, 2023/07/12, 15:37:28.511, 18248978317552, vstest.console.dll, AssemblyResolver.OnResolve: Microsoft.VisualStudio.TestPlatform.Extensions.Html.TestLogger: Searching in: 'C:\Program Files\dotnet\sdk\6.0.313\Extensions'.
TpTrace Information: 0 : 37404, 1, 2023/07/12, 15:37:28.511, 18248978321495, vstest.console.dll, AssemblyResolver.OnResolve: Microsoft.VisualStudio.TestPlatform.Extensions.Html.TestLogger: Loading assembly 'C:\Program Files\dotnet\sdk\6.0.313\Extensions\Microsoft.VisualStudio.TestPlatform.Extensions.Html.TestLogger.dll'.
TpTrace Information: 0 : 37404, 1, 2023/07/12, 15:37:28.512, 18248978328459, vstest.console.dll, AssemblyResolver.OnResolve: Resolved assembly: Microsoft.VisualStudio.TestPlatform.Extensions.Html.TestLogger, from path: C:\Program Files\dotnet\sdk\6.0.313\Extensions\Microsoft.VisualStudio.TestPlatform.Extensions.Html.TestLogger.dll
TpTrace Verbose: 0 : 37404, 1, 2023/07/12, 15:37:28.512, 18248978329708, vstest.console.dll, MetadataReaderExtensionsHelper: Discovering extensions inside assembly 'Microsoft.VisualStudio.TestPlatform.Extensions.Html.TestLogger, Version=15.0.0.0, Culture=neutral, PublicKeyToken=b03f5f7f11d50a3a' file path 'C:\Program Files\dotnet\sdk\6.0.313\Extensions\Microsoft.VisualStudio.TestPlatform.Extensions.Html.TestLogger.dll'
TpTrace Information: 0 : 37404, 1, 2023/07/12, 15:37:28.513, 18248978338027, vstest.console.dll, AssemblyResolver.OnResolve: Microsoft.VisualStudio.TestPlatform.Extensions.Trx.TestLogger: Resolving assembly.
TpTrace Information: 0 : 37404, 1, 2023/07/12, 15:37:28.513, 18248978338901, vstest.console.dll, AssemblyResolver.OnResolve: Microsoft.VisualStudio.TestPlatform.Extensions.Trx.TestLogger: Searching in: 'C:\Program Files\dotnet\sdk\6.0.313\Extensions'.
TpTrace Information: 0 : 37404, 1, 2023/07/12, 15:37:28.514, 18248978342655, vstest.console.dll, AssemblyResolver.OnResolve: Microsoft.VisualStudio.TestPlatform.Extensions.Trx.TestLogger: Loading assembly 'C:\Program Files\dotnet\sdk\6.0.313\Extensions\Microsoft.VisualStudio.TestPlatform.Extensions.Trx.TestLogger.dll'.
TpTrace Information: 0 : 37404, 1, 2023/07/12, 15:37:28.514, 18248978349902, vstest.console.dll, AssemblyResolver.OnResolve: Resolved assembly: Microsoft.VisualStudio.TestPlatform.Extensions.Trx.TestLogger, from path: C:\Program Files\dotnet\sdk\6.0.313\Extensions\Microsoft.VisualStudio.TestPlatform.Extensions.Trx.TestLogger.dll
TpTrace Verbose: 0 : 37404, 1, 2023/07/12, 15:37:28.514, 18248978351059, vstest.console.dll, MetadataReaderExtensionsHelper: Discovering extensions inside assembly 'Microsoft.VisualStudio.TestPlatform.Extensions.Trx.TestLogger, Version=15.0.0.0, Culture=neutral, PublicKeyToken=b03f5f7f11d50a3a' file path 'C:\Program Files\dotnet\sdk\6.0.313\Extensions\Microsoft.VisualStudio.TestPlatform.Extensions.Trx.TestLogger.dll'
TpTrace Verbose: 0 : 37404, 1, 2023/07/12, 15:37:28.516, 18248978363709, vstest.console.dll, TestPluginCache: Discovered the extensions using extension path ''.
TpTrace Verbose: 0 : 37404, 1, 2023/07/12, 15:37:28.516, 18248978364651, vstest.console.dll, TestPluginCache: Discoverers are ''.
TpTrace Verbose: 0 : 37404, 1, 2023/07/12, 15:37:28.516, 18248978365063, vstest.console.dll, TestPluginCache: Executors are ''.
TpTrace Verbose: 0 : 37404, 1, 2023/07/12, 15:37:28.516, 18248978365415, vstest.console.dll, TestPluginCache: Executors2 are ''.
TpTrace Verbose: 0 : 37404, 1, 2023/07/12, 15:37:28.516, 18248978365757, vstest.console.dll, TestPluginCache: Setting providers are ''.
TpTrace Verbose: 0 : 37404, 1, 2023/07/12, 15:37:28.516, 18248978366091, vstest.console.dll, TestPluginCache: Loggers are ''.
TpTrace Verbose: 0 : 37404, 1, 2023/07/12, 15:37:28.516, 18248978367194, vstest.console.dll, TestPluginCache: TestHosts are 'HostProvider://DefaultTestHost,HostProvider://DotnetTestHost'.
TpTrace Verbose: 0 : 37404, 1, 2023/07/12, 15:37:28.516, 18248978367671, vstest.console.dll, TestPluginCache: DataCollectors are ''.
TpTrace Information: 0 : 37404, 1, 2023/07/12, 15:37:28.531, 18248978518306, vstest.console.dll, RunTestsArgumentProcessor:Execute: Test run is starting.
TpTrace Verbose: 0 : 37404, 1, 2023/07/12, 15:37:28.531, 18248978519443, vstest.console.dll, RunTestsArgumentProcessor:Execute: Queuing Test run.
TpTrace Information: 0 : 37404, 1, 2023/07/12, 15:37:28.531, 18248978522126, vstest.console.dll, TestRequestManager.RunTests: run tests started.
TpTrace Information: 0 : 37404, 1, 2023/07/12, 15:37:28.534, 18248978546429, vstest.console.dll, AssemblyMetadataProvider.GetFrameWork: Determined framework:'.NETCoreApp,Version=v6.0' for source: 'C:\Users\poojasahdev\source\repos\Employee.Web.Api\Company.Test\bin\Debug\net6.0\fine-code-coverage\build-output\Company.Test.dll'
TpTrace Information: 0 : 37404, 1, 2023/07/12, 15:37:28.534, 18248978548397, vstest.console.dll, Determined framework for all sources: .NETCoreApp,Version=v6.0
TpTrace Verbose: 0 : 37404, 1, 2023/07/12, 15:37:28.535, 18248978553606, vstest.console.dll, TestRequestManager.UpdateRunSettingsIfRequired: Default architecture: X64 IsDefaultTargetArchitecture: True, Current process architecture: X64 OperatingSystem: Windows.
TpTrace Information: 0 : 37404, 1, 2023/07/12, 15:37:28.535, 18248978557541, vstest.console.dll, AssemblyMetadataProvider.GetArchitecture: Determined architecture:AnyCPU info for assembly: C:\Users\poojasahdev\source\repos\Employee.Web.Api\Company.Test\bin\Debug\net6.0\fine-code-coverage\build-output\Company.Test.dll
TpTrace Information: 0 : 37404, 1, 2023/07/12, 15:37:28.535, 18248978558155, vstest.console.dll, Determined platform for source 'C:\Users\poojasahdev\source\repos\Employee.Web.Api\Company.Test\bin\Debug\net6.0\fine-code-coverage\build-output\Company.Test.dll' is 'AnyCPU'
TpTrace Information: 0 : 37404, 1, 2023/07/12, 15:37:28.538, 18248978587873, vstest.console.dll, Determined platform for all sources: X64
TpTrace Information: 0 : 37404, 1, 2023/07/12, 15:37:28.538, 18248978588933, vstest.console.dll, Infered platform 'X64'.
TpTrace Information: 0 : 37404, 1, 2023/07/12, 15:37:28.538, 18248978589495, vstest.console.dll, Platform update to 'X64' required.
TpTrace Information: 0 : 37404, 1, 2023/07/12, 15:37:28.542, 18248978629329, vstest.console.dll, Compatible sources list: 
TpTrace Information: 0 : 37404, 1, 2023/07/12, 15:37:28.542, 18248978630487, vstest.console.dll, C:\Users\poojasahdev\source\repos\Employee.Web.Api\Company.Test\bin\Debug\net6.0\fine-code-coverage\build-output\Company.Test.dll
TpTrace Information: 0 : 37404, 1, 2023/07/12, 15:37:28.546, 18248978665894, vstest.console.dll, InferRunSettingsHelper.IsTestSettingsEnabled: Unable to navigate to RunSettings/MSTest. Current node: RunSettings
TpTrace Information: 0 : 37404, 1, 2023/07/12, 15:37:28.547, 18248978675643, vstest.console.dll, AssemblyResolver.OnResolve: Microsoft.VisualStudio.TestPlatform.Fakes: Resolving assembly.
TpTrace Information: 0 : 37404, 1, 2023/07/12, 15:37:28.547, 18248978676510, vstest.console.dll, AssemblyResolver.OnResolve: Microsoft.VisualStudio.TestPlatform.Fakes: Searching in: 'C:\Program Files\dotnet\sdk\6.0.313\Extensions'.
TpTrace Information: 0 : 37404, 1, 2023/07/12, 15:37:28.547, 18248978677775, vstest.console.dll, AssemblyResolver.OnResolve: Microsoft.VisualStudio.TestPlatform.Fakes: Assembly path does not exist: 'C:\Program Files\dotnet\sdk\6.0.313\Extensions\Microsoft.VisualStudio.TestPlatform.Fakes.dll', returning.
TpTrace Information: 0 : 37404, 1, 2023/07/12, 15:37:28.547, 18248978678693, vstest.console.dll, AssemblyResolver.OnResolve: Microsoft.VisualStudio.TestPlatform.Fakes: Assembly path does not exist: 'C:\Program Files\dotnet\sdk\6.0.313\Extensions\Microsoft.VisualStudio.TestPlatform.Fakes.exe', returning.
TpTrace Information: 0 : 37404, 1, 2023/07/12, 15:37:28.547, 18248978679165, vstest.console.dll, AssemblyResolver.OnResolve: Microsoft.VisualStudio.TestPlatform.Fakes: Searching in: 'C:\Program Files\dotnet\sdk\6.0.313'.
TpTrace Information: 0 : 37404, 1, 2023/07/12, 15:37:28.547, 18248978679940, vstest.console.dll, AssemblyResolver.OnResolve: Microsoft.VisualStudio.TestPlatform.Fakes: Assembly path does not exist: 'C:\Program Files\dotnet\sdk\6.0.313\Microsoft.VisualStudio.TestPlatform.Fakes.dll', returning.
TpTrace Information: 0 : 37404, 1, 2023/07/12, 15:37:28.547, 18248978680709, vstest.console.dll, AssemblyResolver.OnResolve: Microsoft.VisualStudio.TestPlatform.Fakes: Assembly path does not exist: 'C:\Program Files\dotnet\sdk\6.0.313\Microsoft.VisualStudio.TestPlatform.Fakes.exe', returning.
TpTrace Information: 0 : 37404, 1, 2023/07/12, 15:37:28.547, 18248978681195, vstest.console.dll, AssemblyResolver.OnResolve: Microsoft.VisualStudio.TestPlatform.Fakes: Failed to load assembly.
TpTrace Information: 0 : 37404, 1, 2023/07/12, 15:37:28.548, 18248978685241, vstest.console.dll, Failed to load assembly Microsoft.VisualStudio.TestPlatform.Fakes, Version=17.0.0.0, Culture=neutral. Reason:System.IO.FileNotFoundException: Could not load file or assembly 'Microsoft.VisualStudio.TestPlatform.Fakes, Version=17.0.0.0, Culture=neutral, PublicKeyToken=null'. The system cannot find the file specified.
File name: 'Microsoft.VisualStudio.TestPlatform.Fakes, Version=17.0.0.0, Culture=neutral, PublicKeyToken=null'
   at System.Reflection.RuntimeAssembly.InternalLoad(ObjectHandleOnStack assemblyName, ObjectHandleOnStack requestingAssembly, StackCrawlMarkHandle stackMark, Boolean throwOnFileNotFound, ObjectHandleOnStack assemblyLoadContext, ObjectHandleOnStack retAssembly)
   at System.Reflection.RuntimeAssembly.InternalLoad(AssemblyName assemblyName, RuntimeAssembly requestingAssembly, StackCrawlMark& stackMark, Boolean throwOnFileNotFound, AssemblyLoadContext assemblyLoadContext)
   at System.Reflection.Assembly.Load(AssemblyName assemblyRef)
   at Microsoft.VisualStudio.TestPlatform.Common.Utilities.FakesUtilities.LoadTestPlatformAssembly()
TpTrace Verbose: 0 : 37404, 1, 2023/07/12, 15:37:28.553, 18248978734440, vstest.console.dll, TestPluginCache.DiscoverTestExtensions: finding test extensions in assemblies ends with: TestLogger.dll TPluginInfo: Microsoft.VisualStudio.TestPlatform.Common.ExtensionFramework.Utilities.TestLoggerPluginInformation TExtension: Microsoft.VisualStudio.TestPlatform.ObjectModel.Client.ITestLogger
TpTrace Verbose: 0 : 37404, 1, 2023/07/12, 15:37:28.553, 18248978736569, vstest.console.dll, TestPluginCache.GetExtensionPaths: Filtered extension paths: 
TpTrace Verbose: 0 : 37404, 1, 2023/07/12, 15:37:28.553, 18248978737086, vstest.console.dll, TestPluginCache.GetExtensionPaths: Added default extension paths: C:\Program Files\dotnet\sdk\6.0.313\Extensions\DumpMinitool.exe
C:\Program Files\dotnet\sdk\6.0.313\Extensions\DumpMinitool.x86.exe
C:\Program Files\dotnet\sdk\6.0.313\Extensions\Microsoft.Diagnostics.NETCore.Client.dll
C:\Program Files\dotnet\sdk\6.0.313\Extensions\Microsoft.TestPlatform.Extensions.BlameDataCollector.dll
C:\Program Files\dotnet\sdk\6.0.313\Extensions\Microsoft.TestPlatform.Extensions.EventLogCollector.dll
C:\Program Files\dotnet\sdk\6.0.313\Extensions\Microsoft.TestPlatform.TestHostRuntimeProvider.dll
C:\Program Files\dotnet\sdk\6.0.313\Extensions\Microsoft.VisualStudio.TestPlatform.Extensions.Html.TestLogger.dll
C:\Program Files\dotnet\sdk\6.0.313\Extensions\Microsoft.VisualStudio.TestPlatform.Extensions.Trx.TestLogger.dll
TpTrace Verbose: 0 : 37404, 1, 2023/07/12, 15:37:28.553, 18248978737644, vstest.console.dll, TestPluginCache.GetExtensionPaths: Added unfilterableExtensionPaths: 
TpTrace Information: 0 : 37404, 1, 2023/07/12, 15:37:28.553, 18248978739580, vstest.console.dll, AssemblyResolver.AddSearchDirectories: Adding more searchDirectories C:\Program Files\dotnet\sdk\6.0.313\Extensions,C:\Program Files\dotnet\sdk\6.0.313
TpTrace Verbose: 0 : 37404, 1, 2023/07/12, 15:37:28.553, 18248978740210, vstest.console.dll, TestPluginCache.DiscoverTestExtensions: Discovering the extensions using extension path.
TpTrace Verbose: 0 : 37404, 1, 2023/07/12, 15:37:28.553, 18248978740753, vstest.console.dll, TestPluginCache.GetExtensionPaths: Filtered extension paths: 
TpTrace Verbose: 0 : 37404, 1, 2023/07/12, 15:37:28.553, 18248978741133, vstest.console.dll, TestPluginCache.GetExtensionPaths: Added default extension paths: C:\Program Files\dotnet\sdk\6.0.313\Extensions\DumpMinitool.exe
C:\Program Files\dotnet\sdk\6.0.313\Extensions\DumpMinitool.x86.exe
C:\Program Files\dotnet\sdk\6.0.313\Extensions\Microsoft.Diagnostics.NETCore.Client.dll
C:\Program Files\dotnet\sdk\6.0.313\Extensions\Microsoft.TestPlatform.Extensions.BlameDataCollector.dll
C:\Program Files\dotnet\sdk\6.0.313\Extensions\Microsoft.TestPlatform.Extensions.EventLogCollector.dll
C:\Program Files\dotnet\sdk\6.0.313\Extensions\Microsoft.TestPlatform.TestHostRuntimeProvider.dll
C:\Program Files\dotnet\sdk\6.0.313\Extensions\Microsoft.VisualStudio.TestPlatform.Extensions.Html.TestLogger.dll
C:\Program Files\dotnet\sdk\6.0.313\Extensions\Microsoft.VisualStudio.TestPlatform.Extensions.Trx.TestLogger.dll
TpTrace Verbose: 0 : 37404, 1, 2023/07/12, 15:37:28.553, 18248978741633, vstest.console.dll, TestPluginCache.GetExtensionPaths: Added unfilterableExtensionPaths: 
TpTrace Verbose: 0 : 37404, 1, 2023/07/12, 15:37:28.553, 18248978742066, vstest.console.dll, TestPluginCache.DiscoverTestExtensions: Discovering the extensions using allExtensionPaths: C:\Program Files\dotnet\sdk\6.0.313\Extensions\DumpMinitool.exe
C:\Program Files\dotnet\sdk\6.0.313\Extensions\DumpMinitool.x86.exe
C:\Program Files\dotnet\sdk\6.0.313\Extensions\Microsoft.Diagnostics.NETCore.Client.dll
C:\Program Files\dotnet\sdk\6.0.313\Extensions\Microsoft.TestPlatform.Extensions.BlameDataCollector.dll
C:\Program Files\dotnet\sdk\6.0.313\Extensions\Microsoft.TestPlatform.Extensions.EventLogCollector.dll
C:\Program Files\dotnet\sdk\6.0.313\Extensions\Microsoft.TestPlatform.TestHostRuntimeProvider.dll
C:\Program Files\dotnet\sdk\6.0.313\Extensions\Microsoft.VisualStudio.TestPlatform.Extensions.Html.TestLogger.dll
C:\Program Files\dotnet\sdk\6.0.313\Extensions\Microsoft.VisualStudio.TestPlatform.Extensions.Trx.TestLogger.dll
TpTrace Information: 0 : 37404, 1, 2023/07/12, 15:37:28.554, 18248978742709, vstest.console.dll, AssemblyResolver.AddSearchDirectories: Adding more searchDirectories C:\Program Files\dotnet\sdk\6.0.313\Extensions,C:\Program Files\dotnet\sdk\6.0.313
TpTrace Information: 0 : 37404, 1, 2023/07/12, 15:37:28.554, 18248978743136, vstest.console.dll, AssemblyResolver.AddSearchDirectories: Adding more searchDirectories C:\Program Files\dotnet\sdk\6.0.313\Extensions,C:\Program Files\dotnet\sdk\6.0.313
TpTrace Information: 0 : 37404, 1, 2023/07/12, 15:37:28.554, 18248978743521, vstest.console.dll, AssemblyResolver.AddSearchDirectories: Adding more searchDirectories C:\Program Files\dotnet\sdk\6.0.313\Extensions,C:\Program Files\dotnet\sdk\6.0.313
TpTrace Information: 0 : 37404, 1, 2023/07/12, 15:37:28.554, 18248978743958, vstest.console.dll, AssemblyResolver.AddSearchDirectories: Adding more searchDirectories C:\Program Files\dotnet\sdk\6.0.313\Extensions,C:\Program Files\dotnet\sdk\6.0.313
TpTrace Information: 0 : 37404, 1, 2023/07/12, 15:37:28.554, 18248978744341, vstest.console.dll, AssemblyResolver.AddSearchDirectories: Adding more searchDirectories C:\Program Files\dotnet\sdk\6.0.313\Extensions,C:\Program Files\dotnet\sdk\6.0.313
TpTrace Information: 0 : 37404, 1, 2023/07/12, 15:37:28.554, 18248978744720, vstest.console.dll, AssemblyResolver.AddSearchDirectories: Adding more searchDirectories C:\Program Files\dotnet\sdk\6.0.313\Extensions,C:\Program Files\dotnet\sdk\6.0.313
TpTrace Information: 0 : 37404, 1, 2023/07/12, 15:37:28.554, 18248978745148, vstest.console.dll, AssemblyResolver.AddSearchDirectories: Adding more searchDirectories C:\Program Files\dotnet\sdk\6.0.313\Extensions,C:\Program Files\dotnet\sdk\6.0.313
TpTrace Information: 0 : 37404, 1, 2023/07/12, 15:37:28.554, 18248978745531, vstest.console.dll, AssemblyResolver.AddSearchDirectories: Adding more searchDirectories C:\Program Files\dotnet\sdk\6.0.313\Extensions,C:\Program Files\dotnet\sdk\6.0.313
TpTrace Verbose: 0 : 37404, 1, 2023/07/12, 15:37:28.554, 18248978747369, vstest.console.dll, MetadataReaderExtensionsHelper: Discovering extensions inside assembly 'DumpMinitool, Version=15.0.0.0, Culture=neutral, PublicKeyToken=b03f5f7f11d50a3a' file path 'C:\Program Files\dotnet\sdk\6.0.313\Extensions\DumpMinitool.exe'
TpTrace Verbose: 0 : 37404, 1, 2023/07/12, 15:37:28.554, 18248978751651, vstest.console.dll, MetadataReaderExtensionsHelper: Discovering extensions inside assembly 'DumpMinitool.x86, Version=15.0.0.0, Culture=neutral, PublicKeyToken=b03f5f7f11d50a3a' file path 'C:\Program Files\dotnet\sdk\6.0.313\Extensions\DumpMinitool.x86.exe'
TpTrace Verbose: 0 : 37404, 1, 2023/07/12, 15:37:28.555, 18248978754689, vstest.console.dll, MetadataReaderExtensionsHelper: Discovering extensions inside assembly 'Microsoft.Diagnostics.NETCore.Client, Version=0.2.5.801, Culture=neutral, PublicKeyToken=31bf3856ad364e35' file path 'C:\Program Files\dotnet\sdk\6.0.313\Extensions\Microsoft.Diagnostics.NETCore.Client.dll'
TpTrace Information: 0 : 37404, 1, 2023/07/12, 15:37:28.555, 18248978759246, vstest.console.dll, AssemblyResolver.OnResolve: Microsoft.Bcl.AsyncInterfaces: Resolving assembly.
TpTrace Information: 0 : 37404, 1, 2023/07/12, 15:37:28.555, 18248978759856, vstest.console.dll, AssemblyResolver.OnResolve: Microsoft.Bcl.AsyncInterfaces: Resolved from cache.
TpTrace Verbose: 0 : 37404, 1, 2023/07/12, 15:37:28.555, 18248978760359, vstest.console.dll, CurrentDomainAssemblyResolve: Resolving assembly 'Microsoft.Bcl.AsyncInterfaces'.
TpTrace Information: 0 : 37404, 1, 2023/07/12, 15:37:28.555, 18248978760969, vstest.console.dll, AssemblyResolver.OnResolve: Microsoft.Bcl.AsyncInterfaces: Resolving assembly.
TpTrace Information: 0 : 37404, 1, 2023/07/12, 15:37:28.555, 18248978761363, vstest.console.dll, AssemblyResolver.OnResolve: Microsoft.Bcl.AsyncInterfaces: Resolved from cache.
TpTrace Verbose: 0 : 37404, 1, 2023/07/12, 15:37:28.555, 18248978761751, vstest.console.dll, CurrentDomainAssemblyResolve: Resolving assembly 'Microsoft.Bcl.AsyncInterfaces'.
TpTrace Verbose: 0 : 37404, 1, 2023/07/12, 15:37:28.555, 18248978762099, vstest.console.dll, CurrentDomainAssemblyResolve: Failed to resolve assembly 'Microsoft.Bcl.AsyncInterfaces'.
TpTrace Verbose: 0 : 37404, 1, 2023/07/12, 15:37:28.556, 18248978764141, vstest.console.dll, CurrentDomainAssemblyResolve: Failed to resolve assembly 'Microsoft.Bcl.AsyncInterfaces'.
TpTrace Warning: 0 : 37404, 1, 2023/07/12, 15:37:28.556, 18248978768830, vstest.console.dll, TestPluginDiscoverer: Failed to get types from assembly 'Microsoft.Diagnostics.NETCore.Client, Version=0.2.5.801, Culture=neutral, PublicKeyToken=31bf3856ad364e35'. Error: System.Reflection.ReflectionTypeLoadException: Unable to load one or more of the requested types.
Could not load file or assembly 'Microsoft.Bcl.AsyncInterfaces, Version=1.0.0.0, Culture=neutral, PublicKeyToken=cc7b13ffcd2ddd51'. The system cannot find the file specified.
   at System.Reflection.RuntimeModule.GetTypes(RuntimeModule module)
   at System.Reflection.Assembly.GetTypes()
   at Microsoft.VisualStudio.TestPlatform.Common.ExtensionFramework.TestPluginDiscoverer.GetTestExtensionsFromAssembly[TPluginInfo,TExtension](Assembly assembly, Dictionary`2 pluginInfos, String filePath)
System.IO.FileNotFoundException: Could not load file or assembly 'Microsoft.Bcl.AsyncInterfaces, Version=1.0.0.0, Culture=neutral, PublicKeyToken=cc7b13ffcd2ddd51'. The system cannot find the file specified.
File name: 'Microsoft.Bcl.AsyncInterfaces, Version=1.0.0.0, Culture=neutral, PublicKeyToken=cc7b13ffcd2ddd51'
 ---> System.IO.FileNotFoundException: Could not load file or assembly 'Microsoft.Bcl.AsyncInterfaces, Culture=neutral, PublicKeyToken=null'. The system cannot find the file specified.
File name: 'Microsoft.Bcl.AsyncInterfaces, Culture=neutral, PublicKeyToken=null'
   at System.Reflection.RuntimeAssembly.InternalLoad(ObjectHandleOnStack assemblyName, ObjectHandleOnStack requestingAssembly, StackCrawlMarkHandle stackMark, Boolean throwOnFileNotFound, ObjectHandleOnStack assemblyLoadContext, ObjectHandleOnStack retAssembly)
   at System.Reflection.RuntimeAssembly.InternalLoad(AssemblyName assemblyName, RuntimeAssembly requestingAssembly, StackCrawlMark& stackMark, Boolean throwOnFileNotFound, AssemblyLoadContext assemblyLoadContext)
   at System.Reflection.Assembly.Load(AssemblyName assemblyRef)
   at Microsoft.VisualStudio.TestPlatform.Common.ExtensionFramework.TestPluginCache.CurrentDomainAssemblyResolve(Object sender, AssemblyResolveEventArgs args)
   at Microsoft.VisualStudio.TestPlatform.PlatformAbstractions.PlatformAssemblyResolver.AssemblyResolverEvent(Object sender, Object eventArgs)
   at System.Runtime.Loader.AssemblyLoadContext.GetFirstResolvedAssemblyFromResolvingEvent(AssemblyName assemblyName)
   at System.Runtime.Loader.AssemblyLoadContext.ResolveUsingEvent(AssemblyName assemblyName)
   at System.Runtime.Loader.AssemblyLoadContext.ResolveUsingResolvingEvent(IntPtr gchManagedAssemblyLoadContext, AssemblyName assemblyName)
TpTrace Warning: 0 : 37404, 1, 2023/07/12, 15:37:28.556, 18248978771252, vstest.console.dll, LoaderExceptions: System.IO.FileNotFoundException: Could not load file or assembly 'Microsoft.Bcl.AsyncInterfaces, Version=1.0.0.0, Culture=neutral, PublicKeyToken=cc7b13ffcd2ddd51'. The system cannot find the file specified.
File name: 'Microsoft.Bcl.AsyncInterfaces, Version=1.0.0.0, Culture=neutral, PublicKeyToken=cc7b13ffcd2ddd51'
 ---> System.IO.FileNotFoundException: Could not load file or assembly 'Microsoft.Bcl.AsyncInterfaces, Culture=neutral, PublicKeyToken=null'. The system cannot find the file specified.
File name: 'Microsoft.Bcl.AsyncInterfaces, Culture=neutral, PublicKeyToken=null'
   at System.Reflection.RuntimeAssembly.InternalLoad(ObjectHandleOnStack assemblyName, ObjectHandleOnStack requestingAssembly, StackCrawlMarkHandle stackMark, Boolean throwOnFileNotFound, ObjectHandleOnStack assemblyLoadContext, ObjectHandleOnStack retAssembly)
   at System.Reflection.RuntimeAssembly.InternalLoad(AssemblyName assemblyName, RuntimeAssembly requestingAssembly, StackCrawlMark& stackMark, Boolean throwOnFileNotFound, AssemblyLoadContext assemblyLoadContext)
   at System.Reflection.Assembly.Load(AssemblyName assemblyRef)
   at Microsoft.VisualStudio.TestPlatform.Common.ExtensionFramework.TestPluginCache.CurrentDomainAssemblyResolve(Object sender, AssemblyResolveEventArgs args)
   at Microsoft.VisualStudio.TestPlatform.PlatformAbstractions.PlatformAssemblyResolver.AssemblyResolverEvent(Object sender, Object eventArgs)
   at System.Runtime.Loader.AssemblyLoadContext.GetFirstResolvedAssemblyFromResolvingEvent(AssemblyName assemblyName)
   at System.Runtime.Loader.AssemblyLoadContext.ResolveUsingEvent(AssemblyName assemblyName)
   at System.Runtime.Loader.AssemblyLoadContext.ResolveUsingResolvingEvent(IntPtr gchManagedAssemblyLoadContext, AssemblyName assemblyName)
TpTrace Verbose: 0 : 37404, 1, 2023/07/12, 15:37:28.556, 18248978772296, vstest.console.dll, MetadataReaderExtensionsHelper: Discovering extensions inside assembly 'Microsoft.TestPlatform.Extensions.BlameDataCollector, Version=15.0.0.0, Culture=neutral, PublicKeyToken=b03f5f7f11d50a3a' file path 'C:\Program Files\dotnet\sdk\6.0.313\Extensions\Microsoft.TestPlatform.Extensions.BlameDataCollector.dll'
TpTrace Information: 0 : 37404, 1, 2023/07/12, 15:37:28.557, 18248978776737, vstest.console.dll, GetTestExtensionFromType: Register extension with identifier data 'logger://Microsoft/TestPlatform/Extensions/Blame/v1' and type 'Microsoft.TestPlatform.Extensions.BlameDataCollector.BlameLogger, Microsoft.TestPlatform.Extensions.BlameDataCollector, Version=15.0.0.0, Culture=neutral, PublicKeyToken=b03f5f7f11d50a3a' inside file 'C:\Program Files\dotnet\sdk\6.0.313\Extensions\Microsoft.TestPlatform.Extensions.BlameDataCollector.dll'
TpTrace Verbose: 0 : 37404, 1, 2023/07/12, 15:37:28.557, 18248978777557, vstest.console.dll, MetadataReaderExtensionsHelper: Discovering extensions inside assembly 'Microsoft.TestPlatform.Extensions.EventLogCollector, Version=15.0.0.0, Culture=neutral, PublicKeyToken=b03f5f7f11d50a3a' file path 'C:\Program Files\dotnet\sdk\6.0.313\Extensions\Microsoft.TestPlatform.Extensions.EventLogCollector.dll'
TpTrace Verbose: 0 : 37404, 1, 2023/07/12, 15:37:28.557, 18248978780932, vstest.console.dll, MetadataReaderExtensionsHelper: Discovering extensions inside assembly 'Microsoft.TestPlatform.TestHostRuntimeProvider, Version=15.0.0.0, Culture=neutral, PublicKeyToken=b03f5f7f11d50a3a' file path 'C:\Program Files\dotnet\sdk\6.0.313\Extensions\Microsoft.TestPlatform.TestHostRuntimeProvider.dll'
TpTrace Verbose: 0 : 37404, 1, 2023/07/12, 15:37:28.558, 18248978784596, vstest.console.dll, MetadataReaderExtensionsHelper: Discovering extensions inside assembly 'Microsoft.VisualStudio.TestPlatform.Extensions.Html.TestLogger, Version=15.0.0.0, Culture=neutral, PublicKeyToken=b03f5f7f11d50a3a' file path 'C:\Program Files\dotnet\sdk\6.0.313\Extensions\Microsoft.VisualStudio.TestPlatform.Extensions.Html.TestLogger.dll'
TpTrace Information: 0 : 37404, 1, 2023/07/12, 15:37:28.558, 18248978788177, vstest.console.dll, GetTestExtensionFromType: Register extension with identifier data 'logger://Microsoft/TestPlatform/HtmlLogger/v1' and type 'Microsoft.VisualStudio.TestPlatform.Extensions.HtmlLogger.HtmlLogger, Microsoft.VisualStudio.TestPlatform.Extensions.Html.TestLogger, Version=15.0.0.0, Culture=neutral, PublicKeyToken=b03f5f7f11d50a3a' inside file 'C:\Program Files\dotnet\sdk\6.0.313\Extensions\Microsoft.VisualStudio.TestPlatform.Extensions.Html.TestLogger.dll'
TpTrace Verbose: 0 : 37404, 1, 2023/07/12, 15:37:28.558, 18248978789123, vstest.console.dll, MetadataReaderExtensionsHelper: Discovering extensions inside assembly 'Microsoft.VisualStudio.TestPlatform.Extensions.Trx.TestLogger, Version=15.0.0.0, Culture=neutral, PublicKeyToken=b03f5f7f11d50a3a' file path 'C:\Program Files\dotnet\sdk\6.0.313\Extensions\Microsoft.VisualStudio.TestPlatform.Extensions.Trx.TestLogger.dll'
TpTrace Information: 0 : 37404, 1, 2023/07/12, 15:37:28.559, 18248978793289, vstest.console.dll, GetTestExtensionFromType: Register extension with identifier data 'logger://Microsoft/TestPlatform/TrxLogger/v1' and type 'Microsoft.VisualStudio.TestPlatform.Extensions.TrxLogger.TrxLogger, Microsoft.VisualStudio.TestPlatform.Extensions.Trx.TestLogger, Version=15.0.0.0, Culture=neutral, PublicKeyToken=b03f5f7f11d50a3a' inside file 'C:\Program Files\dotnet\sdk\6.0.313\Extensions\Microsoft.VisualStudio.TestPlatform.Extensions.Trx.TestLogger.dll'
TpTrace Verbose: 0 : 37404, 1, 2023/07/12, 15:37:28.559, 18248978794495, vstest.console.dll, TestPluginCache: Discovered the extensions using extension path ''.
TpTrace Verbose: 0 : 37404, 1, 2023/07/12, 15:37:28.559, 18248978794942, vstest.console.dll, TestPluginCache: Discoverers are ''.
TpTrace Verbose: 0 : 37404, 1, 2023/07/12, 15:37:28.559, 18248978795284, vstest.console.dll, TestPluginCache: Executors are ''.
TpTrace Verbose: 0 : 37404, 1, 2023/07/12, 15:37:28.559, 18248978795609, vstest.console.dll, TestPluginCache: Executors2 are ''.
TpTrace Verbose: 0 : 37404, 1, 2023/07/12, 15:37:28.559, 18248978795928, vstest.console.dll, TestPluginCache: Setting providers are ''.
TpTrace Verbose: 0 : 37404, 1, 2023/07/12, 15:37:28.559, 18248978796976, vstest.console.dll, TestPluginCache: Loggers are 'logger://Microsoft/TestPlatform/Extensions/Blame/v1,logger://Microsoft/TestPlatform/HtmlLogger/v1,logger://Microsoft/TestPlatform/TrxLogger/v1'.
TpTrace Verbose: 0 : 37404, 1, 2023/07/12, 15:37:28.559, 18248978797529, vstest.console.dll, TestPluginCache: TestHosts are 'HostProvider://DefaultTestHost,HostProvider://DotnetTestHost'.
TpTrace Verbose: 0 : 37404, 1, 2023/07/12, 15:37:28.559, 18248978797886, vstest.console.dll, TestPluginCache: DataCollectors are ''.
TpTrace Information: 0 : 37404, 1, 2023/07/12, 15:37:28.560, 18248978807162, vstest.console.dll, TestPluginManager.CreateTestExtension: Attempting to load test extension: Microsoft.TestPlatform.Extensions.BlameDataCollector.BlameLogger
TpTrace Information: 0 : 37404, 1, 2023/07/12, 15:37:28.566, 18248978869971, vstest.console.dll, TestPluginManager.CreateTestExtension: Attempting to load test extension: Microsoft.VisualStudio.TestPlatform.CrossPlatEngine.Hosting.DefaultTestHostManager
TpTrace Information: 0 : 37404, 1, 2023/07/12, 15:37:28.567, 18248978881095, vstest.console.dll, TestPluginManager.CreateTestExtension: Attempting to load test extension: Microsoft.VisualStudio.TestPlatform.CrossPlatEngine.Hosting.DotnetTestHostManager
TpTrace Verbose: 0 : 37404, 1, 2023/07/12, 15:37:28.568, 18248978890172, vstest.console.dll, TestEngine: Initializing Parallel Execution as MaxCpuCount is set to: 1
TpTrace Information: 0 : 37404, 1, 2023/07/12, 15:37:28.572, 18248978927244, vstest.console.dll, InferRunSettingsHelper.IsTestSettingsEnabled: Unable to navigate to RunSettings/MSTest. Current node: RunSettings
TpTrace Verbose: 0 : 37404, 1, 2023/07/12, 15:37:28.574, 18248978943246, vstest.console.dll, TestRequestSender is acting as server.
TpTrace Verbose: 0 : 37404, 1, 2023/07/12, 15:37:28.575, 18248978958764, vstest.console.dll, TestEngine.GetExecutionManager: Chosen execution manager 'Microsoft.VisualStudio.TestPlatform.CrossPlatEngine.Client.Parallel.ParallelProxyExecutionManager, Microsoft.TestPlatform.CrossPlatEngine, Version=15.0.0.0, Culture=neutral, PublicKeyToken=b03f5f7f11d50a3a' ParallelLevel '1' Shared host 'False'
TpTrace Verbose: 0 : 37404, 5, 2023/07/12, 15:37:28.579, 18248978995949, vstest.console.dll, DataCollectionRequestSender.InitializeCommunication : Initialize communication. 
TpTrace Information: 0 : 37404, 5, 2023/07/12, 15:37:28.587, 18248979076229, vstest.console.dll, Listening on Endpoint : 127.0.0.1:62311
TpTrace Verbose: 0 : 37404, 5, 2023/07/12, 15:37:28.597, 18248979174055, vstest.console.dll, DotnetDataCollectionLauncher: Full path of dotnet.exe is C:\Program Files\dotnet\dotnet.exe
TpTrace Verbose: 0 : 37404, 5, 2023/07/12, 15:37:28.597, 18248979176545, vstest.console.dll, DotnetDataCollectionLauncher: Adding  --runtimeconfig "C:\Program Files\dotnet\sdk\6.0.313\datacollector.runtimeconfig.json" in args
TpTrace Verbose: 0 : 37404, 5, 2023/07/12, 15:37:28.597, 18248979177751, vstest.console.dll, DotnetDataCollectionLauncher: Adding  --depsfile "C:\Program Files\dotnet\sdk\6.0.313\datacollector.deps.json" in args
TpTrace Information: 0 : 37404, 5, 2023/07/12, 15:37:28.611, 18248979320782, vstest.console.dll, ProxyDataCollectionManager.Initialize: Launched datacollector processId: 1612 port: 62311
TpTrace Information: 0 : 37404, 5, 2023/07/12, 15:37:28.611, 18248979322586, vstest.console.dll, ProxyDataCollectionManager.Initialize: waiting for connection with timeout: 90 seconds
TpTrace Verbose: 0 : 37404, 5, 2023/07/12, 15:37:28.612, 18248979323312, vstest.console.dll, DataCollectionRequestSender.WaitForRequestHandlerConnection : Waiting for connection with timeout: 90000
TpTrace Information: 0 : 37404, 8, 2023/07/12, 15:37:28.830, 18248981507859, vstest.console.dll, Using the buffer size of 16384 bytes
TpTrace Information: 0 : 37404, 8, 2023/07/12, 15:37:28.830, 18248981509346, vstest.console.dll, Accepted Client request and set the flag
TpTrace Verbose: 0 : 37404, 5, 2023/07/12, 15:37:28.830, 18248981508501, vstest.console.dll, SocketCommunicationManager.WaitForClientConnection took: 218 ms, with 90000 ms timeout, and finished with True.
TpTrace Verbose: 0 : 37404, 5, 2023/07/12, 15:37:28.830, 18248981511576, vstest.console.dll, ProxyDataCollectionManager.InvokeDataCollectionServiceAction: Starting.
TpTrace Information: 0 : 37404, 5, 2023/07/12, 15:37:28.831, 18248981512852, vstest.console.dll, ProxyDataCollectionManager.BeforeTestRunStart: Get environment variable and port for datacollector processId: 1612 port: 62311
TpTrace Verbose: 0 : 37404, 5, 2023/07/12, 15:37:28.831, 18248981514380, vstest.console.dll, DataCollectionRequestSender.SendBeforeTestRunStartAndGetResult: Send BeforeTestRunStart message with settingsXml <RunSettings><RunConfiguration><ResultsDirectory>C:\Users\poojasahdev\source\repos\Employee.Web.Api\Company.Test\bin\Debug\net6.0\fine-code-coverage\coverage-tool-output</ResultsDirectory><TargetPlatform>X64</TargetPlatform><TargetFrameworkVersion>.NETCoreApp,Version=v6.0</TargetFrameworkVersion><DesignMode>False</DesignMode><CollectSourceInformation>False</CollectSourceInformation><TestAdaptersPaths>C:\Program Files\dotnet\sdk\6.0.313\Extensions</TestAdaptersPaths></RunConfiguration><LoggerRunSettings><Loggers><Logger friendlyName="blame" enabled="True" /><Logger friendlyName="Console" uri="logger://microsoft/TestPlatform/ConsoleLogger/v1" assemblyQualifiedName="Microsoft.VisualStudio.TestPlatform.CommandLine.Internal.ConsoleLogger, vstest.console, Version=15.0.0.0, Culture=neutral, PublicKeyToken=b03f5f7f11d50a3a" codeBase="C:\Program Files\dotnet\sdk\6.0.313\vstest.console.dll" enabled="True" /></Loggers></LoggerRunSettings><DataCollectionRunSettings><DataCollectors><DataCollector friendlyName="blame" enabled="True"><Configuration><ResultsDirectory>C:\Users\poojasahdev\source\repos\Employee.Web.Api\Company.Test\bin\Debug\net6.0\fine-code-coverage\coverage-tool-output</ResultsDirectory></Configuration></DataCollector></DataCollectors></DataCollectionRunSettings></RunSettings> and sources System.Linq.Enumerable+Concat2Iterator`1[System.String]: 
TpTrace Verbose: 0 : 37404, 5, 2023/07/12, 15:37:28.931, 18248982515730, vstest.console.dll, DataCollectionRequestSender.SendBeforeTestRunStartAndGetResult: Received message: (DataCollection.SendMessage) -> {
  "FriendlyName": null,
  "Uri": null,
  "TestCaseId": "00000000-0000-0000-0000-000000000000",
  "Message": "Logging DataCollector Diagnostics in file: C:\\Users\\poojasahdev\\source\\repos\\Employee.Web.Api\\Company.Test\\bin\\Debug\\net6.0\\fine-code-coverage\\coverage-tool-output\\diagnostics.datacollector.23-07-12_15-37-28_59670_5.log",
  "Level": 0
}
TpTrace Verbose: 0 : 37404, 5, 2023/07/12, 15:37:29.040, 18248983609566, vstest.console.dll, DataCollectionRequestSender.SendBeforeTestRunStartAndGetResult: Received message: (DataCollection.BeforeTestRunStartResult) -> {
  "EnvironmentVariables": {},
  "DataCollectionEventsPort": 62313
}
TpTrace Information: 0 : 37404, 5, 2023/07/12, 15:37:29.048, 18248983690688, vstest.console.dll, ProxyDataCollectionManager.BeforeTestRunStart: SendBeforeTestRunStartAndGetResult successful, env variable from datacollector:   and testhost port: 62313
TpTrace Information: 0 : 37404, 5, 2023/07/12, 15:37:29.048, 18248983692045, vstest.console.dll, ProxyDataCollectionManager.InvokeDataCollectionServiceAction: Completed.
TpTrace Verbose: 0 : 37404, 1, 2023/07/12, 15:37:29.049, 18248983693660, vstest.console.dll, TestRunRequest.ExecuteAsync: Creating test run request.
TpTrace Verbose: 0 : 37404, 1, 2023/07/12, 15:37:29.049, 18248983697435, vstest.console.dll, TestRunRequest.ExecuteAsync: Starting.
TpTrace Information: 0 : 37404, 1, 2023/07/12, 15:37:29.049, 18248983701984, vstest.console.dll, TestRunRequest.ExecuteAsync: Starting run with settings:TestRunCriteria:
   KeepAlive=False,FrequencyOfRunStatsChangeEvent=10,RunStatsChangeEventTimeout=00:00:01.5000000,TestCaseFilter=,TestExecutorLauncher=
   Settingsxml=<RunSettings>
  <RunConfiguration>
    <ResultsDirectory>C:\Users\poojasahdev\source\repos\Employee.Web.Api\Company.Test\bin\Debug\net6.0\fine-code-coverage\coverage-tool-output</ResultsDirectory>
    <TargetPlatform>X64</TargetPlatform>
    <TargetFrameworkVersion>.NETCoreApp,Version=v6.0</TargetFrameworkVersion>
    <DesignMode>False</DesignMode>
    <CollectSourceInformation>False</CollectSourceInformation>
  </RunConfiguration>
  <LoggerRunSettings>
    <Loggers>
      <Logger friendlyName="blame" enabled="True" />
      <Logger friendlyName="Console" uri="logger://microsoft/TestPlatform/ConsoleLogger/v1" assemblyQualifiedName="Microsoft.VisualStudio.TestPlatform.CommandLine.Internal.ConsoleLogger, vstest.console, Version=15.0.0.0, Culture=neutral, PublicKeyToken=b03f5f7f11d50a3a" codeBase="C:\Program Files\dotnet\sdk\6.0.313\vstest.console.dll" enabled="True" />
    </Loggers>
  </LoggerRunSettings>
  <DataCollectionRunSettings>
    <DataCollectors>
      <DataCollector friendlyName="blame" enabled="True">
        <Configuration>
          <ResultsDirectory>C:\Users\poojasahdev\source\repos\Employee.Web.Api\Company.Test\bin\Debug\net6.0\fine-code-coverage\coverage-tool-output</ResultsDirectory>
        </Configuration>
      </DataCollector>
    </DataCollectors>
  </DataCollectionRunSettings>
</RunSettings>

TpTrace Verbose: 0 : 37404, 1, 2023/07/12, 15:37:29.050, 18248983702707, vstest.console.dll, TestRunRequest.ExecuteAsync: Wait for the first run request is over.
TpTrace Verbose: 0 : 37404, 1, 2023/07/12, 15:37:29.050, 18248983706643, vstest.console.dll, MulticastDelegateUtilities.SafeInvoke: TestRun.TestRunStart: Invoking callbacks was skipped because there are no subscribers.
TpTrace Verbose: 0 : 37404, 1, 2023/07/12, 15:37:29.050, 18248983709274, vstest.console.dll, ParallelProxyExecutionManager: Start execution. Total sources: 1
TpTrace Verbose: 0 : 37404, 4, 2023/07/12, 15:37:29.050, 18248983709826, vstest.console.dll, MulticastDelegateUtilities.SafeInvoke: InternalTestLoggerEvents.SendTestRunStart: Invoking callback 1/1 for Microsoft.VisualStudio.TestPlatform.CommandLine.Internal.ConsoleLogger.TestRunStartHandler, took 0 ms.
TpTrace Information: 0 : 37404, 1, 2023/07/12, 15:37:29.051, 18248983720255, vstest.console.dll, ProxyParallelExecutionManager: Triggering test run for next source: C:\Users\poojasahdev\source\repos\Employee.Web.Api\Company.Test\bin\Debug\net6.0\fine-code-coverage\build-output\Company.Test.dll
TpTrace Verbose: 0 : 37404, 5, 2023/07/12, 15:37:29.052, 18248983722801, vstest.console.dll, ParallelProxyExecutionManager: Execution started. Started clients: 1
TpTrace Verbose: 0 : 37404, 1, 2023/07/12, 15:37:29.052, 18248983723055, vstest.console.dll, ProxyParallelExecutionManager: No sources available for execution.
TpTrace Information: 0 : 37404, 1, 2023/07/12, 15:37:29.052, 18248983724829, vstest.console.dll, TestRunRequest.ExecuteAsync: Started.
TpTrace Verbose: 0 : 37404, 1, 2023/07/12, 15:37:29.052, 18248983725935, vstest.console.dll, TestRunRequest.WaitForCompletion: Waiting with timeout -1.
TpTrace Verbose: 0 : 37404, 5, 2023/07/12, 15:37:29.052, 18248983726876, vstest.console.dll, TestRunRequest:SendTestRunMessage: Starting.
TpTrace Verbose: 0 : 37404, 5, 2023/07/12, 15:37:29.052, 18248983728661, vstest.console.dll, MulticastDelegateUtilities.SafeInvoke: TestRun.LogMessages: Invoking callback 1/1 for Microsoft.VisualStudio.TestPlatform.CommandLine.TestRunResultAggregator.TestRunMessageHandler, took 0 ms.
TpTrace Information: 0 : 37404, 5, 2023/07/12, 15:37:29.052, 18248983729259, vstest.console.dll, TestRunRequest:SendTestRunMessage: Completed.
TpTrace Verbose: 0 : 37404, 4, 2023/07/12, 15:37:29.052, 18248983729260, vstest.console.dll, MulticastDelegateUtilities.SafeInvoke: InternalTestLoggerEvents.SendTestRunMessage: Invoking callback 1/1 for Microsoft.VisualStudio.TestPlatform.CommandLine.Internal.ConsoleLogger.TestMessageHandler, took 0 ms.
TpTrace Verbose: 0 : 37404, 5, 2023/07/12, 15:37:29.052, 18248983732281, vstest.console.dll, ProxyExecutionManager: Test host is always Lazy initialize.
TpTrace Verbose: 0 : 37404, 5, 2023/07/12, 15:37:29.053, 18248983735103, vstest.console.dll, TestRequestSender.InitializeCommunication: initialize communication. 
TpTrace Information: 0 : 37404, 5, 2023/07/12, 15:37:29.053, 18248983742171, vstest.console.dll, SocketServer.Start: Listening on endpoint : 127.0.0.1:62314
TpTrace Verbose: 0 : 37404, 5, 2023/07/12, 15:37:29.054, 18248983751102, vstest.console.dll, DotnetTestHostmanager.GetTestHostProcessStartInfo: Platform environment 'X64' target architecture 'X64' framework '.NETCoreApp,Version=v6.0' OS 'Windows'
TpTrace Verbose: 0 : 37404, 5, 2023/07/12, 15:37:29.055, 18248983754113, vstest.console.dll, DotnetTestHostmanager: Adding  --runtimeconfig "C:\Users\poojasahdev\source\repos\Employee.Web.Api\Company.Test\bin\Debug\net6.0\fine-code-coverage\build-output\Company.Test.runtimeconfig.json" in args
TpTrace Verbose: 0 : 37404, 5, 2023/07/12, 15:37:29.055, 18248983755461, vstest.console.dll, DotnetTestHostmanager: Adding  --depsfile "C:\Users\poojasahdev\source\repos\Employee.Web.Api\Company.Test\bin\Debug\net6.0\fine-code-coverage\build-output\Company.Test.deps.json" in args
TpTrace Verbose: 0 : 37404, 5, 2023/07/12, 15:37:29.055, 18248983757895, vstest.console.dll, DotnetTestHostmanager.IsWinOnArm: Current PROCESSOR_ARCHITECTURE from environment variable 'AMD64'
TpTrace Verbose: 0 : 37404, 5, 2023/07/12, 15:37:29.055, 18248983758704, vstest.console.dll, DotnetTestHostmanager.IsWinOnArm: Is Windows on ARM 'False'
TpTrace Verbose: 0 : 37404, 5, 2023/07/12, 15:37:29.055, 18248983760162, vstest.console.dll, DotnetTestHostManager: testhost.exe found at path: C:\Users\poojasahdev\source\repos\Employee.Web.Api\Company.Test\bin\Debug\net6.0\fine-code-coverage\build-output\testhost.exe
TpTrace Verbose: 0 : 37404, 5, 2023/07/12, 15:37:29.055, 18248983761539, vstest.console.dll, DotnetTestHostmanager: Full path of host exe is C:\Users\poojasahdev\source\repos\Employee.Web.Api\Company.Test\bin\Debug\net6.0\fine-code-coverage\build-output\testhost.exe
TpTrace Verbose: 0 : 37404, 5, 2023/07/12, 15:37:29.056, 18248983763269, vstest.console.dll, DotnetTestHostmanager.LaunchTestHostAsync: Found 'VSTEST_WINAPPHOST_DOTNET_ROOT' in env variables, value 'C:\Program Files\dotnet', forwarding to 'DOTNET_ROOT'
TpTrace Verbose: 0 : 37404, 7, 2023/07/12, 15:37:29.057, 18248983774271, vstest.console.dll, DotnetTestHostManager: Starting process 'C:\Users\poojasahdev\source\repos\Employee.Web.Api\Company.Test\bin\Debug\net6.0\fine-code-coverage\build-output\testhost.exe' with command line ' --runtimeconfig "C:\Users\poojasahdev\source\repos\Employee.Web.Api\Company.Test\bin\Debug\net6.0\fine-code-coverage\build-output\Company.Test.runtimeconfig.json" --depsfile "C:\Users\poojasahdev\source\repos\Employee.Web.Api\Company.Test\bin\Debug\net6.0\fine-code-coverage\build-output\Company.Test.deps.json" --port 62314 --endpoint 127.0.0.1:062314 --role client --parentprocessid 37404 --diag "C:\Users\poojasahdev\source\repos\Employee.Web.Api\Company.Test\bin\Debug\net6.0\fine-code-coverage\coverage-tool-output\diagnostics.host.23-07-12_15-37-29_05441_5.log" --tracelevel 4 --datacollectionport 62313 --telemetryoptedin false'
TpTrace Verbose: 0 : 37404, 7, 2023/07/12, 15:37:29.073, 18248983940696, vstest.console.dll, MulticastDelegateUtilities.SafeInvoke: HostProviderEvents.OnHostLaunched: Invoking callback 1/2 for Microsoft.VisualStudio.TestPlatform.CrossPlatEngine.Client.ProxyExecutionManagerWithDataCollection.TestHostLaunchedHandler, took 1 ms.
TpTrace Verbose: 0 : 37404, 7, 2023/07/12, 15:37:29.073, 18248983942390, vstest.console.dll, Test Runtime launched
TpTrace Verbose: 0 : 37404, 7, 2023/07/12, 15:37:29.074, 18248983943286, vstest.console.dll, MulticastDelegateUtilities.SafeInvoke: HostProviderEvents.OnHostLaunched: Invoking callback 2/2 for Microsoft.VisualStudio.TestPlatform.CrossPlatEngine.Client.ProxyOperationManager.TestHostManagerHostLaunched, took 0 ms.
TpTrace Verbose: 0 : 37404, 5, 2023/07/12, 15:37:29.074, 18248983952048, vstest.console.dll, TestRequestSender.WaitForRequestHandlerConnection: waiting for connection with timeout: 90000.
TpTrace Verbose: 0 : 37404, 5, 2023/07/12, 15:37:29.329, 18248986493695, vstest.console.dll, TestRequestSender.WaitForRequestHandlerConnection: waiting took 254 ms, with timeout 90000 ms, and result 0, which is success.
TpTrace Verbose: 0 : 37404, 7, 2023/07/12, 15:37:29.329, 18248986493700, vstest.console.dll, MulticastDelegateUtilities.SafeInvoke: SocketServer: ClientConnected: Invoking callback 1/1 for Microsoft.VisualStudio.TestPlatform.CommunicationUtilities.TestRequestSender.<InitializeCommunication>b__23_0, took 0 ms.
TpTrace Verbose: 0 : 37404, 7, 2023/07/12, 15:37:29.329, 18248986496313, vstest.console.dll, SocketServer.OnClientConnected: Client connected for endPoint: 127.0.0.1:62314, starting MessageLoopAsync:
TpTrace Verbose: 0 : 37404, 7, 2023/07/12, 15:37:29.329, 18248986498805, vstest.console.dll, TcpClientExtensions.MessageLoopAsync: Polling on remoteEndPoint: 127.0.0.1:62315 localEndPoint: 127.0.0.1:62314
TpTrace Verbose: 0 : 37404, 5, 2023/07/12, 15:37:29.331, 18248986515607, vstest.console.dll, TestRequestSender.CheckVersionWithTestHost: Sending check version message: {"MessageType":"ProtocolVersion","Payload":6}
TpTrace Verbose: 0 : 37404, 7, 2023/07/12, 15:37:29.581, 18248989018835, vstest.console.dll, TcpClientExtensions.MessageLoopAsync: NotifyDataAvailable remoteEndPoint: 127.0.0.1:62315 localEndPoint: 127.0.0.1:62314
TpTrace Verbose: 0 : 37404, 7, 2023/07/12, 15:37:29.581, 18248989022139, vstest.console.dll, TestRequestSender.CheckVersionWithTestHost: onMessageReceived received message: (ProtocolVersion) -> 5
TpTrace Verbose: 0 : 37404, 7, 2023/07/12, 15:37:29.582, 18248989027298, vstest.console.dll, MulticastDelegateUtilities.SafeInvoke: LengthPrefixCommunicationChannel: MessageReceived: Invoking callback 1/1 for Microsoft.VisualStudio.TestPlatform.CommunicationUtilities.TestRequestSender+<>c__DisplayClass25_0.<CheckVersionWithTestHost>b__0, took 0 ms.
TpTrace Verbose: 0 : 37404, 7, 2023/07/12, 15:37:29.582, 18248989028448, vstest.console.dll, TcpClientExtensions.MessageLoopAsync: Polling on remoteEndPoint: 127.0.0.1:62315 localEndPoint: 127.0.0.1:62314
TpTrace Verbose: 0 : 37404, 5, 2023/07/12, 15:37:29.582, 18248989028711, vstest.console.dll, TestPluginCache.GetExtensionPaths: Filtered extension paths: 
TpTrace Verbose: 0 : 37404, 5, 2023/07/12, 15:37:29.582, 18248989030155, vstest.console.dll, TestPluginCache.GetExtensionPaths: Added default extension paths: C:\Program Files\dotnet\sdk\6.0.313\Extensions\DumpMinitool.exe
C:\Program Files\dotnet\sdk\6.0.313\Extensions\DumpMinitool.x86.exe
C:\Program Files\dotnet\sdk\6.0.313\Extensions\Microsoft.Diagnostics.NETCore.Client.dll
C:\Program Files\dotnet\sdk\6.0.313\Extensions\Microsoft.TestPlatform.Extensions.BlameDataCollector.dll
C:\Program Files\dotnet\sdk\6.0.313\Extensions\Microsoft.TestPlatform.Extensions.EventLogCollector.dll
C:\Program Files\dotnet\sdk\6.0.313\Extensions\Microsoft.TestPlatform.TestHostRuntimeProvider.dll
C:\Program Files\dotnet\sdk\6.0.313\Extensions\Microsoft.VisualStudio.TestPlatform.Extensions.Html.TestLogger.dll
C:\Program Files\dotnet\sdk\6.0.313\Extensions\Microsoft.VisualStudio.TestPlatform.Extensions.Trx.TestLogger.dll
TpTrace Verbose: 0 : 37404, 5, 2023/07/12, 15:37:29.582, 18248989031132, vstest.console.dll, TestPluginCache.GetExtensionPaths: Added unfilterableExtensionPaths: 
TpTrace Verbose: 0 : 37404, 5, 2023/07/12, 15:37:29.588, 18248989088142, vstest.console.dll, TestRequestSender.InitializeExecution: Sending initialize execution with message: {"Version":5,"MessageType":"TestExecution.Initialize","Payload":["C:\\Users\\poojasahdev\\source\\repos\\Employee.Web.Api\\Company.Test\\bin\\Debug\\net6.0\\fine-code-coverage\\build-output\\xunit.runner.visualstudio.dotnetcore.testadapter.dll"]}
TpTrace Warning: 0 : 37404, 5, 2023/07/12, 15:37:29.589, 18248989094989, vstest.console.dll, InferRunSettingsHelper.MakeRunsettingsCompatible: Removing the following settings: TargetPlatform from RunSettings file. To use those settings please move to latest version of Microsoft.NET.Test.Sdk
TpTrace Verbose: 0 : 37404, 7, 2023/07/12, 15:37:29.599, 18248989197058, vstest.console.dll, TcpClientExtensions.MessageLoopAsync: NotifyDataAvailable remoteEndPoint: 127.0.0.1:62315 localEndPoint: 127.0.0.1:62314
TpTrace Verbose: 0 : 37404, 7, 2023/07/12, 15:37:29.599, 18248989199391, vstest.console.dll, TestRequestSender.OnExecutionMessageReceived: Received message: {"Version":5,"MessageType":"TestSession.Message","Payload":{"MessageLevel":0,"Message":"Logging TestHost Diagnostics in file: C:\\Users\\poojasahdev\\source\\repos\\Employee.Web.Api\\Company.Test\\bin\\Debug\\net6.0\\fine-code-coverage\\coverage-tool-output\\diagnostics.host.23-07-12_15-37-29_05441_5.log"}}
TpTrace Verbose: 0 : 37404, 7, 2023/07/12, 15:37:29.602, 18248989228997, vstest.console.dll, TestRunRequest:SendTestRunMessage: Starting.
TpTrace Verbose: 0 : 37404, 7, 2023/07/12, 15:37:29.602, 18248989230610, vstest.console.dll, MulticastDelegateUtilities.SafeInvoke: TestRun.LogMessages: Invoking callback 1/1 for Microsoft.VisualStudio.TestPlatform.CommandLine.TestRunResultAggregator.TestRunMessageHandler, took 0 ms.
TpTrace Verbose: 0 : 37404, 4, 2023/07/12, 15:37:29.602, 18248989230901, vstest.console.dll, MulticastDelegateUtilities.SafeInvoke: InternalTestLoggerEvents.SendTestRunMessage: Invoking callback 1/1 for Microsoft.VisualStudio.TestPlatform.CommandLine.Internal.ConsoleLogger.TestMessageHandler, took 0 ms.
TpTrace Information: 0 : 37404, 7, 2023/07/12, 15:37:29.602, 18248989231204, vstest.console.dll, TestRunRequest:SendTestRunMessage: Completed.
TpTrace Verbose: 0 : 37404, 7, 2023/07/12, 15:37:29.603, 18248989233612, vstest.console.dll, MulticastDelegateUtilities.SafeInvoke: LengthPrefixCommunicationChannel: MessageReceived: Invoking callback 1/1 for Microsoft.VisualStudio.TestPlatform.CommunicationUtilities.TestRequestSender+<>c__DisplayClass30_0.<StartTestRun>b__1, took 3 ms.
TpTrace Verbose: 0 : 37404, 7, 2023/07/12, 15:37:29.603, 18248989234698, vstest.console.dll, TcpClientExtensions.MessageLoopAsync: Polling on remoteEndPoint: 127.0.0.1:62315 localEndPoint: 127.0.0.1:62314
TpTrace Verbose: 0 : 37404, 5, 2023/07/12, 15:37:29.603, 18248989239355, vstest.console.dll, TestRequestSender.StartTestRun: Sending test run with message: {"Version":5,"MessageType":"TestExecution.StartWithSources","Payload":{"AdapterSourceMap":{"_none_":["C:\\Users\\poojasahdev\\source\\repos\\Employee.Web.Api\\Company.Test\\bin\\Debug\\net6.0\\fine-code-coverage\\build-output\\Company.Test.dll"]},"RunSettings":"<RunSettings>\r\n  <RunConfiguration>\r\n    <ResultsDirectory>C:\\Users\\poojasahdev\\source\\repos\\Employee.Web.Api\\Company.Test\\bin\\Debug\\net6.0\\fine-code-coverage\\coverage-tool-output</ResultsDirectory>\r\n    <TargetFrameworkVersion>.NETCoreApp,Version=v6.0</TargetFrameworkVersion>\r\n    <DesignMode>False</DesignMode>\r\n    <CollectSourceInformation>False</CollectSourceInformation>\r\n  </RunConfiguration>\r\n  <LoggerRunSettings>\r\n    <Loggers>\r\n      <Logger friendlyName=\"blame\" enabled=\"True\" />\r\n      <Logger friendlyName=\"Console\" uri=\"logger://microsoft/TestPlatform/ConsoleLogger/v1\" assemblyQualifiedName=\"Microsoft.VisualStudio.TestPlatform.CommandLine.Internal.ConsoleLogger, vstest.console, Version=15.0.0.0, Culture=neutral, PublicKeyToken=b03f5f7f11d50a3a\" codeBase=\"C:\\Program Files\\dotnet\\sdk\\6.0.313\\vstest.console.dll\" enabled=\"True\" />\r\n    </Loggers>\r\n  </LoggerRunSettings>\r\n  <DataCollectionRunSettings>\r\n    <DataCollectors>\r\n      <DataCollector friendlyName=\"blame\" enabled=\"True\">\r\n        <Configuration>\r\n          <ResultsDirectory>C:\\Users\\poojasahdev\\source\\repos\\Employee.Web.Api\\Company.Test\\bin\\Debug\\net6.0\\fine-code-coverage\\coverage-tool-output</ResultsDirectory>\r\n        </Configuration>\r\n      </DataCollector>\r\n    </DataCollectors>\r\n  </DataCollectionRunSettings>\r\n</RunSettings>","TestExecutionContext":{"FrequencyOfRunStatsChangeEvent":10,"RunStatsChangeEventTimeout":"00:00:01.5000000","InIsolation":false,"KeepAlive":false,"AreTestCaseLevelEventsRequired":false,"IsDebug":false,"TestCaseFilter":null,"FilterOptions":null},"Package":null}}
TpTrace Verbose: 0 : 37404, 7, 2023/07/12, 15:37:29.890, 18248992110599, vstest.console.dll, TcpClientExtensions.MessageLoopAsync: NotifyDataAvailable remoteEndPoint: 127.0.0.1:62315 localEndPoint: 127.0.0.1:62314
TpTrace Verbose: 0 : 37404, 7, 2023/07/12, 15:37:29.891, 18248992112883, vstest.console.dll, TestRequestSender.OnExecutionMessageReceived: Received message: {"Version":5,"MessageType":"TestSession.Message","Payload":{"MessageLevel":0,"Message":"[xUnit.net 00:00:00.00] xUnit.net VSTest Adapter v2.4.3+1b45f5407b (64-bit .NET 6.0.18)"}}
TpTrace Verbose: 0 : 37404, 7, 2023/07/12, 15:37:29.891, 18248992117730, vstest.console.dll, TestRunRequest:SendTestRunMessage: Starting.
TpTrace Verbose: 0 : 37404, 7, 2023/07/12, 15:37:29.891, 18248992118937, vstest.console.dll, MulticastDelegateUtilities.SafeInvoke: TestRun.LogMessages: Invoking callback 1/1 for Microsoft.VisualStudio.TestPlatform.CommandLine.TestRunResultAggregator.TestRunMessageHandler, took 0 ms.
TpTrace Verbose: 0 : 37404, 4, 2023/07/12, 15:37:29.891, 18248992119119, vstest.console.dll, MulticastDelegateUtilities.SafeInvoke: InternalTestLoggerEvents.SendTestRunMessage: Invoking callback 1/1 for Microsoft.VisualStudio.TestPlatform.CommandLine.Internal.ConsoleLogger.TestMessageHandler, took 0 ms.
TpTrace Information: 0 : 37404, 7, 2023/07/12, 15:37:29.891, 18248992119704, vstest.console.dll, TestRunRequest:SendTestRunMessage: Completed.
TpTrace Verbose: 0 : 37404, 7, 2023/07/12, 15:37:29.891, 18248992121350, vstest.console.dll, MulticastDelegateUtilities.SafeInvoke: LengthPrefixCommunicationChannel: MessageReceived: Invoking callback 1/1 for Microsoft.VisualStudio.TestPlatform.CommunicationUtilities.TestRequestSender+<>c__DisplayClass30_0.<StartTestRun>b__1, took 0 ms.
TpTrace Verbose: 0 : 37404, 7, 2023/07/12, 15:37:29.891, 18248992122246, vstest.console.dll, TcpClientExtensions.MessageLoopAsync: Polling on remoteEndPoint: 127.0.0.1:62315 localEndPoint: 127.0.0.1:62314
TpTrace Verbose: 0 : 37404, 7, 2023/07/12, 15:37:30.906, 18249002262807, vstest.console.dll, TcpClientExtensions.MessageLoopAsync: Polling on remoteEndPoint: 127.0.0.1:62315 localEndPoint: 127.0.0.1:62314
TpTrace Verbose: 0 : 37404, 7, 2023/07/12, 15:37:31.791, 18249011117222, vstest.console.dll, TcpClientExtensions.MessageLoopAsync: NotifyDataAvailable remoteEndPoint: 127.0.0.1:62315 localEndPoint: 127.0.0.1:62314
TpTrace Verbose: 0 : 37404, 7, 2023/07/12, 15:37:31.791, 18249011118855, vstest.console.dll, TestRequestSender.OnExecutionMessageReceived: Received message: {"Version":5,"MessageType":"TestSession.Message","Payload":{"MessageLevel":0,"Message":"[xUnit.net 00:00:01.91]   Discovering: Company.Test"}}
TpTrace Verbose: 0 : 37404, 7, 2023/07/12, 15:37:31.791, 18249011122037, vstest.console.dll, TestRunRequest:SendTestRunMessage: Starting.
TpTrace Verbose: 0 : 37404, 7, 2023/07/12, 15:37:31.792, 18249011122906, vstest.console.dll, MulticastDelegateUtilities.SafeInvoke: TestRun.LogMessages: Invoking callback 1/1 for Microsoft.VisualStudio.TestPlatform.CommandLine.TestRunResultAggregator.TestRunMessageHandler, took 0 ms.
TpTrace Information: 0 : 37404, 7, 2023/07/12, 15:37:31.792, 18249011123309, vstest.console.dll, TestRunRequest:SendTestRunMessage: Completed.
TpTrace Verbose: 0 : 37404, 4, 2023/07/12, 15:37:31.792, 18249011123564, vstest.console.dll, MulticastDelegateUtilities.SafeInvoke: InternalTestLoggerEvents.SendTestRunMessage: Invoking callback 1/1 for Microsoft.VisualStudio.TestPlatform.CommandLine.Internal.ConsoleLogger.TestMessageHandler, took 0 ms.
TpTrace Verbose: 0 : 37404, 7, 2023/07/12, 15:37:31.792, 18249011123677, vstest.console.dll, MulticastDelegateUtilities.SafeInvoke: LengthPrefixCommunicationChannel: MessageReceived: Invoking callback 1/1 for Microsoft.VisualStudio.TestPlatform.CommunicationUtilities.TestRequestSender+<>c__DisplayClass30_0.<StartTestRun>b__1, took 0 ms.
TpTrace Verbose: 0 : 37404, 7, 2023/07/12, 15:37:31.792, 18249011125376, vstest.console.dll, TcpClientExtensions.MessageLoopAsync: Polling on remoteEndPoint: 127.0.0.1:62315 localEndPoint: 127.0.0.1:62314
TpTrace Verbose: 0 : 37404, 7, 2023/07/12, 15:37:31.851, 18249011712645, vstest.console.dll, TcpClientExtensions.MessageLoopAsync: NotifyDataAvailable remoteEndPoint: 127.0.0.1:62315 localEndPoint: 127.0.0.1:62314
TpTrace Verbose: 0 : 37404, 7, 2023/07/12, 15:37:31.851, 18249011714150, vstest.console.dll, TestRequestSender.OnExecutionMessageReceived: Received message: {"Version":5,"MessageType":"TestSession.Message","Payload":{"MessageLevel":0,"Message":"[xUnit.net 00:00:01.97]   Discovered:  Company.Test"}}
TpTrace Verbose: 0 : 37404, 7, 2023/07/12, 15:37:31.851, 18249011716210, vstest.console.dll, TestRunRequest:SendTestRunMessage: Starting.
TpTrace Verbose: 0 : 37404, 7, 2023/07/12, 15:37:31.851, 18249011716939, vstest.console.dll, MulticastDelegateUtilities.SafeInvoke: TestRun.LogMessages: Invoking callback 1/1 for Microsoft.VisualStudio.TestPlatform.CommandLine.TestRunResultAggregator.TestRunMessageHandler, took 0 ms.
TpTrace Information: 0 : 37404, 7, 2023/07/12, 15:37:31.851, 18249011717322, vstest.console.dll, TestRunRequest:SendTestRunMessage: Completed.
TpTrace Verbose: 0 : 37404, 7, 2023/07/12, 15:37:31.851, 18249011717664, vstest.console.dll, MulticastDelegateUtilities.SafeInvoke: LengthPrefixCommunicationChannel: MessageReceived: Invoking callback 1/1 for Microsoft.VisualStudio.TestPlatform.CommunicationUtilities.TestRequestSender+<>c__DisplayClass30_0.<StartTestRun>b__1, took 0 ms.
TpTrace Verbose: 0 : 37404, 7, 2023/07/12, 15:37:31.851, 18249011718031, vstest.console.dll, TcpClientExtensions.MessageLoopAsync: Polling on remoteEndPoint: 127.0.0.1:62315 localEndPoint: 127.0.0.1:62314
TpTrace Verbose: 0 : 37404, 4, 2023/07/12, 15:37:31.851, 18249011717732, vstest.console.dll, MulticastDelegateUtilities.SafeInvoke: InternalTestLoggerEvents.SendTestRunMessage: Invoking callback 1/1 for Microsoft.VisualStudio.TestPlatform.CommandLine.Internal.ConsoleLogger.TestMessageHandler, took 0 ms.
TpTrace Verbose: 0 : 37404, 7, 2023/07/12, 15:37:31.854, 18249011747682, vstest.console.dll, TcpClientExtensions.MessageLoopAsync: NotifyDataAvailable remoteEndPoint: 127.0.0.1:62315 localEndPoint: 127.0.0.1:62314
TpTrace Verbose: 0 : 37404, 7, 2023/07/12, 15:37:31.854, 18249011748796, vstest.console.dll, TestRequestSender.OnExecutionMessageReceived: Received message: {"Version":5,"MessageType":"TestSession.Message","Payload":{"MessageLevel":0,"Message":"[xUnit.net 00:00:01.98]   Starting:    Company.Test"}}
TpTrace Verbose: 0 : 37404, 7, 2023/07/12, 15:37:31.854, 18249011750875, vstest.console.dll, TestRunRequest:SendTestRunMessage: Starting.
TpTrace Verbose: 0 : 37404, 7, 2023/07/12, 15:37:31.854, 18249011751596, vstest.console.dll, MulticastDelegateUtilities.SafeInvoke: TestRun.LogMessages: Invoking callback 1/1 for Microsoft.VisualStudio.TestPlatform.CommandLine.TestRunResultAggregator.TestRunMessageHandler, took 0 ms.
TpTrace Information: 0 : 37404, 7, 2023/07/12, 15:37:31.854, 18249011751967, vstest.console.dll, TestRunRequest:SendTestRunMessage: Completed.
TpTrace Verbose: 0 : 37404, 4, 2023/07/12, 15:37:31.854, 18249011752201, vstest.console.dll, MulticastDelegateUtilities.SafeInvoke: InternalTestLoggerEvents.SendTestRunMessage: Invoking callback 1/1 for Microsoft.VisualStudio.TestPlatform.CommandLine.Internal.ConsoleLogger.TestMessageHandler, took 0 ms.
TpTrace Verbose: 0 : 37404, 7, 2023/07/12, 15:37:31.854, 18249011752304, vstest.console.dll, MulticastDelegateUtilities.SafeInvoke: LengthPrefixCommunicationChannel: MessageReceived: Invoking callback 1/1 for Microsoft.VisualStudio.TestPlatform.CommunicationUtilities.TestRequestSender+<>c__DisplayClass30_0.<StartTestRun>b__1, took 0 ms.
TpTrace Verbose: 0 : 37404, 7, 2023/07/12, 15:37:31.855, 18249011753744, vstest.console.dll, TcpClientExtensions.MessageLoopAsync: Polling on remoteEndPoint: 127.0.0.1:62315 localEndPoint: 127.0.0.1:62314
TpTrace Verbose: 0 : 37404, 7, 2023/07/12, 15:37:31.958, 18249012792150, vstest.console.dll, TcpClientExtensions.MessageLoopAsync: NotifyDataAvailable remoteEndPoint: 127.0.0.1:62315 localEndPoint: 127.0.0.1:62314
TpTrace Verbose: 0 : 37404, 7, 2023/07/12, 15:37:31.959, 18249012793873, vstest.console.dll, TestRequestSender.OnExecutionMessageReceived: Received message: {"Version":5,"MessageType":"TestExecution.StatsChange","Payload":{"NewTestResults":[],"TestRunStatistics":{"ExecutedTests":0,"Stats":{}},"ActiveTests":[{"Id":"d1a36476-2cfc-7baa-5d66-67267b3030cd","FullyQualifiedName":"Company.Web.Api.Tests.EmployeeControllerTest.Get_ReturnsOkResult","DisplayName":"Company.Web.Api.Tests.EmployeeControllerTest.Get_ReturnsOkResult","ExecutorUri":"executor://xunit/VsTestRunner2/netcoreapp","Source":"C:\\Users\\poojasahdev\\source\\repos\\Employee.Web.Api\\Company.Test\\bin\\Debug\\net6.0\\fine-code-coverage\\build-output\\Company.Test.dll","CodeFilePath":null,"LineNumber":0,"Properties":[]}]}}
TpTrace Verbose: 0 : 37404, 7, 2023/07/12, 15:37:32.003, 18249013239640, vstest.console.dll, TestRunRequest:SendTestRunStatsChange: Starting.
TpTrace Verbose: 0 : 37404, 7, 2023/07/12, 15:37:32.003, 18249013241505, vstest.console.dll, InProgress is Company.Web.Api.Tests.EmployeeControllerTest.Get_ReturnsOkResult
TpTrace Verbose: 0 : 37404, 7, 2023/07/12, 15:37:32.004, 18249013242779, vstest.console.dll, MulticastDelegateUtilities.SafeInvoke: TestRun.RunStatsChanged: Invoking callbacks was skipped because there are no subscribers.
TpTrace Information: 0 : 37404, 7, 2023/07/12, 15:37:32.004, 18249013243179, vstest.console.dll, TestRunRequest:SendTestRunStatsChange: Completed.
TpTrace Verbose: 0 : 37404, 7, 2023/07/12, 15:37:32.004, 18249013243591, vstest.console.dll, MulticastDelegateUtilities.SafeInvoke: LengthPrefixCommunicationChannel: MessageReceived: Invoking callback 1/1 for Microsoft.VisualStudio.TestPlatform.CommunicationUtilities.TestRequestSender+<>c__DisplayClass30_0.<StartTestRun>b__1, took 44 ms.
TpTrace Verbose: 0 : 37404, 7, 2023/07/12, 15:37:32.004, 18249013244013, vstest.console.dll, TcpClientExtensions.MessageLoopAsync: Polling on remoteEndPoint: 127.0.0.1:62315 localEndPoint: 127.0.0.1:62314
TpTrace Verbose: 0 : 37404, 7, 2023/07/12, 15:37:32.133, 18249014538551, vstest.console.dll, TcpClientExtensions.MessageLoopAsync: NotifyDataAvailable remoteEndPoint: 127.0.0.1:62315 localEndPoint: 127.0.0.1:62314
TpTrace Verbose: 0 : 37404, 7, 2023/07/12, 15:37:32.133, 18249014540504, vstest.console.dll, TestRequestSender.OnExecutionMessageReceived: Received message: {"Version":5,"MessageType":"TestSession.Message","Payload":{"MessageLevel":0,"Message":"[xUnit.net 00:00:02.26]   Finished:    Company.Test"}}
TpTrace Verbose: 0 : 37404, 7, 2023/07/12, 15:37:32.134, 18249014542841, vstest.console.dll, TestRunRequest:SendTestRunMessage: Starting.
TpTrace Verbose: 0 : 37404, 7, 2023/07/12, 15:37:32.134, 18249014543988, vstest.console.dll, MulticastDelegateUtilities.SafeInvoke: TestRun.LogMessages: Invoking callback 1/1 for Microsoft.VisualStudio.TestPlatform.CommandLine.TestRunResultAggregator.TestRunMessageHandler, took 0 ms.
TpTrace Verbose: 0 : 37404, 4, 2023/07/12, 15:37:32.134, 18249014544220, vstest.console.dll, MulticastDelegateUtilities.SafeInvoke: InternalTestLoggerEvents.SendTestRunMessage: Invoking callback 1/1 for Microsoft.VisualStudio.TestPlatform.CommandLine.Internal.ConsoleLogger.TestMessageHandler, took 0 ms.
TpTrace Information: 0 : 37404, 7, 2023/07/12, 15:37:32.134, 18249014544703, vstest.console.dll, TestRunRequest:SendTestRunMessage: Completed.
TpTrace Verbose: 0 : 37404, 7, 2023/07/12, 15:37:32.134, 18249014546555, vstest.console.dll, MulticastDelegateUtilities.SafeInvoke: LengthPrefixCommunicationChannel: MessageReceived: Invoking callback 1/1 for Microsoft.VisualStudio.TestPlatform.CommunicationUtilities.TestRequestSender+<>c__DisplayClass30_0.<StartTestRun>b__1, took 0 ms.
TpTrace Verbose: 0 : 37404, 7, 2023/07/12, 15:37:32.134, 18249014547247, vstest.console.dll, TcpClientExtensions.MessageLoopAsync: Polling on remoteEndPoint: 127.0.0.1:62315 localEndPoint: 127.0.0.1:62314
TpTrace Verbose: 0 : 37404, 7, 2023/07/12, 15:37:32.175, 18249014958941, vstest.console.dll, TcpClientExtensions.MessageLoopAsync: NotifyDataAvailable remoteEndPoint: 127.0.0.1:62315 localEndPoint: 127.0.0.1:62314
TpTrace Verbose: 0 : 37404, 7, 2023/07/12, 15:37:32.175, 18249014961599, vstest.console.dll, TestRequestSender.OnExecutionMessageReceived: Received message: {"Version":5,"MessageType":"TestExecution.Completed","Payload":{"TestRunCompleteArgs":{"TestRunStatistics":{"ExecutedTests":2,"Stats":{"Passed":2}},"IsCanceled":false,"IsAborted":false,"Error":null,"AttachmentSets":[],"ElapsedTimeInRunningTests":"00:00:02.2781223","Metrics":{}},"LastRunTests":{"NewTestResults":[{"TestCase":{"Id":"d1a36476-2cfc-7baa-5d66-67267b3030cd","FullyQualifiedName":"Company.Web.Api.Tests.EmployeeControllerTest.Get_ReturnsOkResult","DisplayName":"Company.Web.Api.Tests.EmployeeControllerTest.Get_ReturnsOkResult","ExecutorUri":"executor://xunit/VsTestRunner2/netcoreapp","Source":"C:\\Users\\poojasahdev\\source\\repos\\Employee.Web.Api\\Company.Test\\bin\\Debug\\net6.0\\fine-code-coverage\\build-output\\Company.Test.dll","CodeFilePath":null,"LineNumber":0,"Properties":[]},"Attachments":[],"Outcome":1,"ErrorMessage":null,"ErrorStackTrace":null,"DisplayName":"Company.Web.Api.Tests.EmployeeControllerTest.Get_ReturnsOkResult","Messages":[],"ComputerName":"IN-PG02C83H","Duration":"00:00:00.1345064","StartTime":"2023-07-12T10:07:32.0846109+00:00","EndTime":"2023-07-12T10:07:32.0846742+00:00","Properties":[]},{"TestCase":{"Id":"3af7077b-0682-44fe-b1b9-ca7a54a437c5","FullyQualifiedName":"Company.Web.Api.Tests.EmployeeControllerTest.Post_ReturnsOkResult","DisplayName":"Company.Web.Api.Tests.EmployeeControllerTest.Post_ReturnsOkResult","ExecutorUri":"executor://xunit/VsTestRunner2/netcoreapp","Source":"C:\\Users\\poojasahdev\\source\\repos\\Employee.Web.Api\\Company.Test\\bin\\Debug\\net6.0\\fine-code-coverage\\build-output\\Company.Test.dll","CodeFilePath":null,"LineNumber":0,"Properties":[]},"Attachments":[],"Outcome":1,"ErrorMessage":null,"ErrorStackTrace":null,"DisplayName":"Company.Web.Api.Tests.EmployeeControllerTest.Post_ReturnsOkResult","Messages":[],"ComputerName":"IN-PG02C83H","Duration":"00:00:00.0301129","StartTime":"2023-07-12T10:07:32.1220272+00:00","EndTime":"2023-07-12T10:07:32.1220274+00:00","Properties":[]}],"TestRunStatistics":{"ExecutedTests":2,"Stats":{"Passed":2}},"ActiveTests":[]},"RunAttachments":[],"ExecutorUris":["executor://xunit/VsTestRunner2/netcoreapp"]}}
TpTrace Verbose: 0 : 37404, 7, 2023/07/12, 15:37:32.178, 18249014984804, vstest.console.dll, TestRequestSender.EndSession: Sending end session.
TpTrace Verbose: 0 : 37404, 7, 2023/07/12, 15:37:32.178, 18249014987623, vstest.console.dll, ProxyOperationManager.Close: waiting for test host to exit for 100 ms
TpTrace Warning: 0 : 37404, 13, 2023/07/12, 15:37:32.225, 18249015456667, vstest.console.dll, TestHostManagerCallbacks.ErrorReceivedCallback Test host standard error line: 
TpTrace Verbose: 0 : 37404, 13, 2023/07/12, 15:37:32.251, 18249015722304, vstest.console.dll, TestHostProvider.ExitCallBack: Host exited starting callback.
TpTrace Information: 0 : 37404, 13, 2023/07/12, 15:37:32.252, 18249015728857, vstest.console.dll, TestHostManagerCallbacks.ExitCallBack: Testhost processId: 26784 exited with exitcode: 0 error: ''
TpTrace Verbose: 0 : 37404, 13, 2023/07/12, 15:37:32.252, 18249015729587, vstest.console.dll, DotnetTestHostManager.OnHostExited: invoking OnHostExited callback
TpTrace Verbose: 0 : 37404, 13, 2023/07/12, 15:37:32.252, 18249015730241, vstest.console.dll, CrossPlatEngine.TestHostManagerHostExited: calling on client process exit callback.
TpTrace Information: 0 : 37404, 13, 2023/07/12, 15:37:32.252, 18249015730914, vstest.console.dll, TestRequestSender.OnClientProcessExit: Test host process exited. Standard error: 
TpTrace Information: 0 : 37404, 7, 2023/07/12, 15:37:32.252, 18249015731251, vstest.console.dll, SocketServer.Stop: Stop server endPoint: 127.0.0.1:62314
TpTrace Information: 0 : 37404, 13, 2023/07/12, 15:37:32.252, 18249015731404, vstest.console.dll, SocketServer.Stop: Stop server endPoint: 127.0.0.1:62314
TpTrace Information: 0 : 37404, 7, 2023/07/12, 15:37:32.252, 18249015732048, vstest.console.dll, SocketServer.Stop: Cancellation requested. Stopping message loop.
TpTrace Information: 0 : 37404, 13, 2023/07/12, 15:37:32.253, 18249015732731, vstest.console.dll, SocketServer.Stop: Cancellation requested. Stopping message loop.
TpTrace Verbose: 0 : 37404, 13, 2023/07/12, 15:37:32.253, 18249015733823, vstest.console.dll, MulticastDelegateUtilities.SafeInvoke: HostProviderEvents.OnHostExited: Invoking callback 1/1 for Microsoft.VisualStudio.TestPlatform.CrossPlatEngine.Client.ProxyOperationManager.TestHostManagerHostExited, took 0 ms.
TpTrace Information: 0 : 37404, 7, 2023/07/12, 15:37:32.253, 18249015734210, vstest.console.dll, Closing the connection
TpTrace Verbose: 0 : 37404, 7, 2023/07/12, 15:37:32.253, 18249015738558, vstest.console.dll, ProxyDataCollectionManager.InvokeDataCollectionServiceAction: Starting.
TpTrace Information: 0 : 37404, 7, 2023/07/12, 15:37:32.253, 18249015739149, vstest.console.dll, ProxyDataCollectionManager.AfterTestRunEnd: Get attachment set and invoked data collectors processId: 1612 port: 62311
TpTrace Verbose: 0 : 37404, 7, 2023/07/12, 15:37:32.253, 18249015739727, vstest.console.dll, DataCollectionRequestSender.SendAfterTestRunStartAndGetResult: Send AfterTestRunEnd message with isCancelled: False
TpTrace Verbose: 0 : 37404, 7, 2023/07/12, 15:37:32.263, 18249015840651, vstest.console.dll, DataCollectionRequestSender.SendAfterTestRunStartAndGetResult: Received message: (DataCollection.AfterTestRunEndResult) -> {
  "AttachmentSets": [],
  "InvokedDataCollectors": [
    {
      "Uri": "datacollector://Microsoft/TestPlatform/Extensions/Blame/v1",
      "FriendlyName": "Blame",
      "AssemblyQualifiedName": "Microsoft.TestPlatform.Extensions.BlameDataCollector.BlameCollector, Microsoft.TestPlatform.Extensions.BlameDataCollector, Version=15.0.0.0, Culture=neutral, PublicKeyToken=b03f5f7f11d50a3a",
      "FilePath": "C:\\Program Files\\dotnet\\sdk\\6.0.313\\Extensions\\Microsoft.TestPlatform.Extensions.BlameDataCollector.dll",
      "HasAttachmentProcessor": false
    }
  ],
  "Metrics": {}
}
TpTrace Warning: 0 : 37404, 10, 2023/07/12, 15:37:32.270, 18249015911006, vstest.console.dll, DataCollectionLauncher.ErrorReceivedCallback datacollector standard error line: 
TpTrace Information: 0 : 37404, 7, 2023/07/12, 15:37:32.272, 18249015927046, vstest.console.dll, ProxyDataCollectionManager.InvokeDataCollectionServiceAction: Completed.
TpTrace Information: 0 : 37404, 10, 2023/07/12, 15:37:32.279, 18249015992954, vstest.console.dll, DataCollectionLauncher.ExitCallBack: Data collector exited with exitcode: 0 error: ''
TpTrace Verbose: 0 : 37404, 7, 2023/07/12, 15:37:32.325, 18249016454745, vstest.console.dll, TestRunRequest:SendTestRunStatsChange: Starting.
TpTrace Verbose: 0 : 37404, 7, 2023/07/12, 15:37:32.325, 18249016457079, vstest.console.dll, MulticastDelegateUtilities.SafeInvoke: TestRun.RunStatsChanged: Invoking callbacks was skipped because there are no subscribers.
TpTrace Information: 0 : 37404, 7, 2023/07/12, 15:37:32.325, 18249016457637, vstest.console.dll, TestRunRequest:SendTestRunStatsChange: Completed.
TpTrace Verbose: 0 : 37404, 7, 2023/07/12, 15:37:32.325, 18249016460508, vstest.console.dll, ParallelProxyExecutionManager: HandlePartialRunComplete: Total completed clients = 1, Run complete = True, Run canceled: False.
TpTrace Verbose: 0 : 37404, 4, 2023/07/12, 15:37:32.329, 18249016494541, vstest.console.dll, MulticastDelegateUtilities.SafeInvoke: InternalTestLoggerEvents.SendTestResult: Invoking callback 1/1 for Microsoft.VisualStudio.TestPlatform.CommandLine.Internal.ConsoleLogger.TestResultHandler, took 3 ms.
TpTrace Verbose: 0 : 37404, 4, 2023/07/12, 15:37:32.329, 18249016496312, vstest.console.dll, MulticastDelegateUtilities.SafeInvoke: InternalTestLoggerEvents.SendTestResult: Invoking callback 1/1 for Microsoft.VisualStudio.TestPlatform.CommandLine.Internal.ConsoleLogger.TestResultHandler, took 0 ms.
TpTrace Verbose: 0 : 37404, 4, 2023/07/12, 15:37:32.339, 18249016595013, vstest.console.dll, MulticastDelegateUtilities.SafeInvoke: InternalTestLoggerEvents.SendTestRunComplete: Invoking callback 1/2 for Microsoft.TestPlatform.Extensions.BlameDataCollector.BlameLogger.TestRunCompleteHandler, took 0 ms.
TpTrace Verbose: 0 : 37404, 4, 2023/07/12, 15:37:32.347, 18249016675012, vstest.console.dll, MulticastDelegateUtilities.SafeInvoke: InternalTestLoggerEvents.SendTestRunComplete: Invoking callback 2/2 for Microsoft.VisualStudio.TestPlatform.CommandLine.Internal.ConsoleLogger.TestRunCompleteHandler, took 7 ms.
TpTrace Verbose: 0 : 37404, 7, 2023/07/12, 15:37:32.347, 18249016680089, vstest.console.dll, TestRunRequest:TestRunComplete: Starting. IsAborted:False IsCanceled:False.
TpTrace Verbose: 0 : 37404, 7, 2023/07/12, 15:37:32.348, 18249016688882, vstest.console.dll, TestLoggerManager.HandleTestRunComplete: Ignoring as the object is disposed.
TpTrace Verbose: 0 : 37404, 7, 2023/07/12, 15:37:32.348, 18249016691332, vstest.console.dll, MulticastDelegateUtilities.SafeInvoke: TestRun.TestRunComplete: Invoking callback 1/2 for Microsoft.VisualStudio.TestPlatform.CommandLine.TestRunResultAggregator.TestRunCompletionHandler, took 0 ms.
TpTrace Verbose: 0 : 37404, 7, 2023/07/12, 15:37:32.348, 18249016692492, vstest.console.dll, MulticastDelegateUtilities.SafeInvoke: TestRun.TestRunComplete: Invoking callback 2/2 for Microsoft.VisualStudio.TestPlatform.CommandLine.Processors.RunTestsArgumentExecutor+TestRunRequestEventsRegistrar.TestRunRequest_OnRunCompletion, took 0 ms.
TpTrace Information: 0 : 37404, 7, 2023/07/12, 15:37:32.349, 18249016693670, vstest.console.dll, TestRunRequest:TestRunComplete: Completed.
TpTrace Verbose: 0 : 37404, 7, 2023/07/12, 15:37:32.349, 18249016694236, vstest.console.dll, TestRequestSender.SetOperationComplete: Setting operation complete.
TpTrace Verbose: 0 : 37404, 1, 2023/07/12, 15:37:32.349, 18249016694417, vstest.console.dll, TestRunRequest.Dispose: Starting.
TpTrace Information: 0 : 37404, 1, 2023/07/12, 15:37:32.349, 18249016695373, vstest.console.dll, TestRunRequest.Dispose: Completed.
TpTrace Information: 0 : 37404, 7, 2023/07/12, 15:37:32.349, 18249016694640, vstest.console.dll, SocketServer.Stop: Stop server endPoint: 127.0.0.1:62314
TpTrace Information: 0 : 37404, 1, 2023/07/12, 15:37:32.349, 18249016695978, vstest.console.dll, TestRequestManager.RunTests: run tests completed.
TpTrace Information: 0 : 37404, 7, 2023/07/12, 15:37:32.349, 18249016696507, vstest.console.dll, SocketServer.Stop: Cancellation requested. Stopping message loop.
TpTrace Information: 0 : 37404, 1, 2023/07/12, 15:37:32.349, 18249016697817, vstest.console.dll, RunTestsArgumentProcessor:Execute: Test run is completed.
TpTrace Verbose: 0 : 37404, 7, 2023/07/12, 15:37:32.349, 18249016698052, vstest.console.dll, MulticastDelegateUtilities.SafeInvoke: LengthPrefixCommunicationChannel: MessageReceived: Invoking callback 1/1 for Microsoft.VisualStudio.TestPlatform.CommunicationUtilities.TestRequestSender+<>c__DisplayClass30_0.<StartTestRun>b__1, took 173 ms.
TpTrace Information: 0 : 37404, 7, 2023/07/12, 15:37:32.349, 18249016698862, vstest.console.dll, SocketServer.PrivateStop: Stopping server endPoint: 127.0.0.1:62314 error: 
TpTrace Verbose: 0 : 37404, 1, 2023/07/12, 15:37:32.349, 18249016700445, vstest.console.dll, Executor.Execute: Exiting with exit code of 0
TpTrace Verbose: 0 : 37404, 7, 2023/07/12, 15:37:32.350, 18249016704606, vstest.console.dll, LengthPrefixCommunicationChannel.Dispose: Dispose reader and writer.
TpTrace Information: 0 : 37404, 7, 2023/07/12, 15:37:32.350, 18249016705580, vstest.console.dll, SocketServer.Stop: Raise disconnected event endPoint: 127.0.0.1:62314 error: 
TpTrace Verbose: 0 : 37404, 7, 2023/07/12, 15:37:32.350, 18249016706323, vstest.console.dll, TestRequestSender: OnTestRunAbort: Operation is already complete. Skip error message.
TpTrace Verbose: 0 : 37404, 7, 2023/07/12, 15:37:32.350, 18249016706858, vstest.console.dll, MulticastDelegateUtilities.SafeInvoke: SocketServer: ClientDisconnected: Invoking callback 1/1 for Microsoft.VisualStudio.TestPlatform.CommunicationUtilities.TestRequestSender.<InitializeCommunication>b__23_1, took 0 ms.
TpTrace Verbose: 0 : 37404, 7, 2023/07/12, 15:37:32.350, 18249016707227, vstest.console.dll, TcpClientExtensions.MessageLoopAsync: exiting MessageLoopAsync remoteEndPoint: 127.0.0.1:62315 localEndPoint: 127.0.0.1:62314
